=== Shaikh ARDL faithful replication log ===
Timestamp: 2026-03-04 10:18:34
Window: shaikh_window (1947-2011)

=== Variant A: deflator rebased p(2011)=100 ===
Formula: lnY ~ lnK | d1956 + d1974 + d1980
Order (p,q): 2,4 | CASE=uc


Time series regression with "ts" data:
Start = 1951, End = 2011

Call:
dynlm::dynlm(formula = full_formula, data = data, start = start, 
    end = end)

Residuals:
      Min        1Q    Median        3Q       Max 
-0.076779 -0.012272  0.004353  0.017786  0.051726 

Coefficients:
             Estimate Std. Error t value Pr(>|t|)    
(Intercept)  0.233238   0.120757   1.931 0.059104 .  
L(lnY, 1)    0.911396   0.149198   6.109 1.48e-07 ***
L(lnY, 2)   -0.022020   0.151966  -0.145 0.885372    
lnK          0.704487   0.212086   3.322 0.001678 ** 
L(lnK, 1)   -1.023760   0.279170  -3.667 0.000594 ***
L(lnK, 2)    0.029285   0.295187   0.099 0.921370    
L(lnK, 3)    0.261679   0.268058   0.976 0.333662    
L(lnK, 4)    0.111155   0.188647   0.589 0.558364    
d1956       -0.009676   0.017102  -0.566 0.574086    
d1974       -0.009420   0.021260  -0.443 0.659600    
d1980       -0.007469   0.019060  -0.392 0.696816    
---
Signif. codes:  0 '***' 0.001 '**' 0.01 '*' 0.05 '.' 0.1 ' ' 1

Residual standard error: 0.02808 on 50 degrees of freedom
Multiple R-squared:  0.9981,	Adjusted R-squared:  0.9977 
F-statistic:  2654 on 10 and 50 DF,  p-value: < 2.2e-16


Bounds F (asympt/exact):

	Bounds F-test (Wald) for no cointegration

data:  d(lnY) ~ L(lnY, 1) + L(lnK, 1) + d(L(lnY, 1)) + d(lnK) + d(L(lnK,     1)) + d(L(lnK, 2)) + d(L(lnK, 3)) + d1956 + d1974 + d1980
F = 1.1351, Lower-bound I(0) = 4.9186, Upper-bound I(1) = 5.7434,
p-value = 0.7839
alternative hypothesis: Possible cointegration
null values:
   k    T 
   1 1000 


	Bounds F-test (Wald) for no cointegration

data:  d(lnY) ~ L(lnY, 1) + L(lnK, 1) + d(L(lnY, 1)) + d(lnK) + d(L(lnK,     1)) + d(L(lnK, 2)) + d(L(lnK, 3)) + d1956 + d1974 + d1980
F = 1.1351, Lower-bound I(0) = 5.1351, Upper-bound I(1) = 5.9707,
p-value = 0.7764
alternative hypothesis: Possible cointegration
null values:
 k  T 
 1 61 


Bounds t (asympt/exact):

	Bounds t-test for no cointegration

data:  d(lnY) ~ L(lnY, 1) + L(lnK, 1) + d(L(lnY, 1)) + d(lnK) + d(L(lnK,     1)) + d(L(lnK, 2)) + d(L(lnK, 3)) + d1956 + d1974 + d1980
t = -1.1955, Lower-bound I(0) = -2.8606, Upper-bound I(1) = -3.2240,
p-value = 0.7608
alternative hypothesis: Possible cointegration
null values:
   k    T 
   1 1000 


	Bounds t-test for no cointegration

data:  d(lnY) ~ L(lnY, 1) + L(lnK, 1) + d(L(lnY, 1)) + d(lnK) + d(L(lnK,     1)) + d(L(lnK, 2)) + d(L(lnK, 3)) + d1956 + d1974 + d1980
t = -1.1955, Lower-bound I(0) = -2.9014, Upper-bound I(1) = -3.2771,
p-value = 0.7435
alternative hypothesis: Possible cointegration
null values:
 k  T 
 1 61 


=== Variant B: deflator rebased p(1947)=100 ===
Formula: lnY ~ lnK | d1956 + d1974 + d1980
Order (p,q): 2,4 | CASE=uc


Time series regression with "ts" data:
Start = 1951, End = 2011

Call:
dynlm::dynlm(formula = full_formula, data = data, start = start, 
    end = end)

Residuals:
      Min        1Q    Median        3Q       Max 
-0.076779 -0.012272  0.004353  0.017786  0.051726 

Coefficients:
             Estimate Std. Error t value Pr(>|t|)    
(Intercept)  0.175420   0.084699   2.071 0.043530 *  
L(lnY, 1)    0.911396   0.149198   6.109 1.48e-07 ***
L(lnY, 2)   -0.022020   0.151966  -0.145 0.885372    
lnK          0.704487   0.212086   3.322 0.001678 ** 
L(lnK, 1)   -1.023760   0.279170  -3.667 0.000594 ***
L(lnK, 2)    0.029285   0.295187   0.099 0.921370    
L(lnK, 3)    0.261679   0.268058   0.976 0.333662    
L(lnK, 4)    0.111155   0.188647   0.589 0.558364    
d1956       -0.009676   0.017102  -0.566 0.574086    
d1974       -0.009420   0.021260  -0.443 0.659600    
d1980       -0.007469   0.019060  -0.392 0.696816    
---
Signif. codes:  0 '***' 0.001 '**' 0.01 '*' 0.05 '.' 0.1 ' ' 1

Residual standard error: 0.02808 on 50 degrees of freedom
Multiple R-squared:  0.9981,	Adjusted R-squared:  0.9977 
F-statistic:  2654 on 10 and 50 DF,  p-value: < 2.2e-16


Bounds F (asympt/exact):

	Bounds F-test (Wald) for no cointegration

data:  d(lnY) ~ L(lnY, 1) + L(lnK, 1) + d(L(lnY, 1)) + d(lnK) + d(L(lnK,     1)) + d(L(lnK, 2)) + d(L(lnK, 3)) + d1956 + d1974 + d1980
F = 1.1351, Lower-bound I(0) = 4.9186, Upper-bound I(1) = 5.7434,
p-value = 0.7839
alternative hypothesis: Possible cointegration
null values:
   k    T 
   1 1000 


	Bounds F-test (Wald) for no cointegration

data:  d(lnY) ~ L(lnY, 1) + L(lnK, 1) + d(L(lnY, 1)) + d(lnK) + d(L(lnK,     1)) + d(L(lnK, 2)) + d(L(lnK, 3)) + d1956 + d1974 + d1980
F = 1.1351, Lower-bound I(0) = 5.1361, Upper-bound I(1) = 5.9664,
p-value = 0.7785
alternative hypothesis: Possible cointegration
null values:
 k  T 
 1 61 


Bounds t (asympt/exact):

	Bounds t-test for no cointegration

data:  d(lnY) ~ L(lnY, 1) + L(lnK, 1) + d(L(lnY, 1)) + d(lnK) + d(L(lnK,     1)) + d(L(lnK, 2)) + d(L(lnK, 3)) + d1956 + d1974 + d1980
t = -1.1955, Lower-bound I(0) = -2.8606, Upper-bound I(1) = -3.2240,
p-value = 0.7608
alternative hypothesis: Possible cointegration
null values:
   k    T 
   1 1000 


	Bounds t-test for no cointegration

data:  d(lnY) ~ L(lnY, 1) + L(lnK, 1) + d(L(lnY, 1)) + d(lnK) + d(L(lnK,     1)) + d(L(lnK, 2)) + d(L(lnK, 3)) + d1956 + d1974 + d1980
t = -1.1955, Lower-bound I(0) = -2.9215, Upper-bound I(1) = -3.2788,
p-value = 0.7449
alternative hypothesis: Possible cointegration
null values:
 k  T 
 1 61 


SANITY CHECK: max|u_with(2011base)-u_with(1947base)| = 1.22236e-13

Wrote series CSV:
  C:/ReposGitHub/capacity_utilization/output/CriticalReplication/Exercise_a_ARDL_faithful/csv/SHAIKH_ARDL_replication_series_shaikh_window.csv

Wrote key-stats CSV:
  C:/ReposGitHub/capacity_utilization/output/CriticalReplication/Exercise_a_ARDL_faithful/csv/SHAIKH_ARDL_replication_key_stats_shaikh_window.csv
Error in `pivot_longer()`:
! Can't select columns with `df0$u_shaikh`.
✖ Can't convert from `df0$u_shaikh` <double> to <integer> due to loss of precision.
Backtrace:
     ▆
  1. ├─dplyr::mutate(...)
  2. ├─tidyr::pivot_longer(...)
  3. ├─tidyr:::pivot_longer.data.frame(...)
  4. │ └─tidyr::build_longer_spec(...)
  5. │   └─tidyselect::eval_select(...)
  6. │     └─tidyselect:::eval_select_impl(...)
  7. │       ├─tidyselect:::with_subscript_errors(...)
  8. │       │ └─base::withCallingHandlers(...)
  9. │       └─tidyselect:::vars_select_eval(...)
 10. │         └─tidyselect:::walk_data_tree(expr, data_mask, context_mask)
 11. │           └─tidyselect:::eval_c(expr, data_mask, context_mask)
 12. │             └─tidyselect:::reduce_sels(node, data_mask, context_mask, init = init)
 13. │               └─tidyselect:::walk_data_tree(new, data_mask, context_mask)
 14. │                 └─tidyselect:::as_indices_sel_impl(...)
 15. │                   └─tidyselect:::as_indices_impl(...)
 16. │                     └─vctrs::vec_as_subscript(x, logical = "error", call = call, arg = arg)
 17. └─rlang::cnd_signal(x)
Ejecución interrumpida
