Registered S3 method overwritten by 'quantmod':
  method            from
  as.zoo.data.frame zoo 
here() starts at C:/ReposGitHub/capacity_utilization

Adjuntando el paquete: 'dplyr'

The following objects are masked from 'package:stats':

    filter, lag

The following objects are masked from 'package:base':

    intersect, setdiff, setequal, union

Loaded shaikh window: 1947-2011 | T=65
Output root: C:/ReposGitHub/capacity_utilization/output/CriticalReplication/Exercise_c_VECM_S1_r1
--- Running branch: SR=none LR=none
--- Running branch: SR=none LR=const
--- Running branch: SR=none LR=trend
--- Running branch: SR=none LR=both
--- Running branch: SR=const LR=none
--- Running branch: SR=const LR=const
Skipping branch SR_const__LR_const (Invalid deterministic combo: SR=const, LR=const.).
--- Running branch: SR=const LR=trend
--- Running branch: SR=const LR=both
Skipping branch SR_const__LR_both (Invalid deterministic combo: SR=const, LR=both.).
STAGE4_STATUS_HINT: script=22_VECM_S1.R infeasible_specs_skipped=true
Stage S1 completed across all SR/LR branches.
