============================================================
RESULTS PACKAGE — VECM S1 (lnY, lnK), r=1
Base dir:  output/CriticalReplication/Exercise_c_VECM_S1_r1 
Out dir:   C:/ReposGitHub/capacity_utilization/output/run_stage4_20260304_130240/ResultsPackages/VECM_S1_lnY_lnK 
Timestamp: 2026-03-04 13:06:34 
============================================================

Branches found:
[1] "SR_const__LR_none"  "SR_const__LR_trend" "SR_none__LR_both"  
[4] "SR_none__LR_const"  "SR_none__LR_none"   "SR_none__LR_trend" 

Input availability by branch:
# A tibble: 6 × 6
  branch             lattice top10 summary eigs  ic_eta
  <chr>              <lgl>   <lgl> <lgl>   <lgl> <lgl> 
1 SR_const__LR_none  TRUE    TRUE  TRUE    TRUE  TRUE  
2 SR_const__LR_trend TRUE    TRUE  TRUE    TRUE  TRUE  
3 SR_none__LR_both   TRUE    TRUE  TRUE    TRUE  TRUE  
4 SR_none__LR_const  TRUE    TRUE  TRUE    TRUE  TRUE  
5 SR_none__LR_none   TRUE    TRUE  TRUE    TRUE  TRUE  
6 SR_none__LR_trend  TRUE    TRUE  TRUE    TRUE  TRUE  

Error in `mutate()`:
ℹ In argument: `spec_id = paste0("p", sprintf("%02d", p), "_",
  q_profile)`.
Caused by error:
! objeto 'q_profile' no encontrado
Backtrace:
     ▆
  1. ├─dplyr::mutate(...)
  2. ├─dplyr:::mutate.data.frame(...)
  3. │ └─dplyr:::mutate_cols(.data, dplyr_quosures(...), by)
  4. │   ├─base::withCallingHandlers(...)
  5. │   └─dplyr:::mutate_col(dots[[i]], data, mask, new_columns)
  6. │     └─mask$eval_all_mutate(quo)
  7. │       └─dplyr (local) eval()
  8. ├─base::paste0("p", sprintf("%02d", p), "_", q_profile)
  9. └─base::.handleSimpleError(...)
 10.   └─dplyr (local) h(simpleError(msg, call))
 11.     └─rlang::abort(message, class = error_class, parent = parent, call = error_call)
Ejecución interrumpida
