\BOOKMARK [1][-]{section.1}{\376\377\000I\000n\000t\000r\000o\000d\000u\000c\000t\000i\000o\000n}{}% 1
\BOOKMARK [1][-]{section.2}{\376\377\000C\000r\000i\000s\000i\000s\000\040\000T\000h\000e\000o\000r\000y\000:\000\040\000S\000t\000a\000g\000n\000a\000t\000i\000o\000n\000\040\000T\000e\000n\000d\000e\000n\000c\000i\000e\000s\000,\000\040\000C\000u\000m\000u\000l\000a\000t\000i\000v\000e\000\040\000D\000i\000s\000e\000q\000u\000i\000l\000i\000b\000r\000i\000u\000m\000,\000\040\000a\000n\000d\000\040\000t\000h\000e\000\040\000R\000o\000l\000e\000\040\000o\000f\000\040\000C\000a\000p\000a\000c\000i\000t\000y\000\040\000U\000t\000i\000l\000i\000z\000a\000t\000i\000o\000n}{}% 2
\BOOKMARK [2][-]{subsection.2.1}{\376\377\000S\000t\000a\000g\000n\000a\000t\000i\000o\000n\000\040\000a\000n\000d\000\040\000C\000r\000i\000s\000i\000s\000:\000\040\000A\000\040\000T\000y\000p\000o\000l\000o\000g\000y}{section.2}% 3
\BOOKMARK [2][-]{subsection.2.2}{\376\377\000O\000k\000i\000s\000h\000i\000o\000'\000s\000\040\000C\000r\000i\000s\000i\000s\000\040\000T\000r\000i\000g\000g\000e\000r\000\040\000a\000n\000d\000\040\000C\000u\000m\000u\000l\000a\000t\000i\000v\000e\000\040\000D\000i\000s\000e\000q\000u\000i\000l\000i\000b\000r\000i\000u\000m}{section.2}% 4
\BOOKMARK [2][-]{subsection.2.3}{\376\377\000F\000r\000o\000m\000\040\000P\000r\000o\000f\000i\000t\000a\000b\000i\000l\000i\000t\000y\000\040\000t\000o\000\040\000A\000c\000c\000u\000m\000u\000l\000a\000t\000i\000o\000n\000:\000\040\000T\000h\000e\000\040\000M\000i\000s\000s\000i\000n\000g\000\040\000L\000i\000n\000k}{section.2}% 5
\BOOKMARK [1][-]{section.3}{\376\377\000S\000t\000r\000u\000c\000t\000u\000r\000a\000l\000\040\000P\000r\000i\000m\000i\000t\000i\000v\000e\000s\000:\000\040\000P\000r\000o\000d\000u\000c\000t\000i\000o\000n\000,\000\040\000C\000a\000p\000a\000c\000i\000t\000y\000,\000\040\000a\000n\000d\000\040\000U\000n\000b\000a\000l\000a\000n\000c\000e\000d\000\040\000G\000r\000o\000w\000t\000h}{}% 6
\BOOKMARK [1][-]{section.4}{\376\377\000D\000i\000s\000t\000r\000i\000b\000u\000t\000i\000o\000n\000-\000C\000o\000n\000d\000i\000t\000i\000o\000n\000e\000d\000\040\000C\000a\000p\000a\000c\000i\000t\000y\000:\000\040\000T\000h\000e\000\040\000I\000n\000t\000e\000r\000a\000c\000t\000i\000o\000n\000\040\000T\000e\000r\000m}{}% 7
\BOOKMARK [1][-]{section.5}{\376\377\000F\000r\000o\000m\000\040\000C\000h\000a\000p\000t\000e\000r\000\040\0001\000\040\000t\000o\000\040\000C\000h\000a\000p\000t\000e\000r\000\040\0002\000:\000\040\000T\000h\000e\000\040\000F\000o\000c\000a\000l\000\040\000D\000a\000t\000a\000\040\000P\000a\000i\000r\000\040\000a\000n\000d\000\040\000t\000h\000e\000\040\000S\000t\000a\000t\000e\000\040\000V\000e\000c\000t\000o\000r}{}% 8
\BOOKMARK [2][-]{subsection.5.1}{\376\377\000U\000S\000:\000\040\000F\000r\000o\000m\000\040\000C\000h\0001\000'\000s\000\040\000A\000R\000D\000L\000\040\000t\000o\000\040\000C\000h\0002\000'\000s\000\040\000C\000o\000i\000n\000t\000e\000g\000r\000a\000t\000i\000n\000g\000\040\000R\000e\000l\000a\000t\000i\000o\000n}{section.5}% 9
\BOOKMARK [2][-]{subsection.5.2}{\376\377\000C\000h\000i\000l\000e\000:\000\040\000C\000o\000n\000s\000t\000r\000u\000c\000t\000i\000n\000g\000\040\000t\000h\000e\000\040\000P\000a\000r\000a\000l\000l\000e\000l}{section.5}% 10
\BOOKMARK [2][-]{subsection.5.3}{\376\377\000T\000h\000e\000\040\000P\000a\000r\000a\000l\000l\000e\000l\000\040\000C\000o\000n\000s\000t\000r\000u\000c\000t\000i\000o\000n\000\040\000a\000s\000\040\000M\000e\000t\000h\000o\000d}{section.5}% 11
\BOOKMARK [1][-]{section.6}{\376\377\000S\000t\000a\000g\000e\000\040\000A\000:\000\040\000S\000t\000r\000u\000c\000t\000u\000r\000a\000l\000\040\000I\000d\000e\000n\000t\000i\000f\000i\000c\000a\000t\000i\000o\000n\000\040\000\050\000R\000R\000R\000/\000C\000V\000A\000R\000\051}{}% 12
\BOOKMARK [2][-]{subsection.6.1}{\376\377\000E\000s\000t\000i\000m\000a\000t\000i\000o\000n}{section.6}% 13
\BOOKMARK [2][-]{subsection.6.2}{\376\377\000R\000e\000s\000u\000l\000t\000s\000:\000\040\000U\000S\000\040\000B\000a\000s\000e\000l\000i\000n\000e}{section.6}% 14
\BOOKMARK [2][-]{subsection.6.3}{\376\377\000R\000e\000s\000u\000l\000t\000s\000:\000\040\000C\000h\000i\000l\000e}{section.6}% 15
\BOOKMARK [2][-]{subsection.6.4}{\376\377\000D\000e\000r\000i\000v\000e\000d\000\040\000S\000t\000r\000u\000c\000t\000u\000r\000a\000l\000\040\000O\000b\000j\000e\000c\000t\000s}{section.6}% 16
\BOOKMARK [1][-]{section.7}{\376\377\000T\000h\000e\000\040\000A\000c\000c\000o\000u\000n\000t\000i\000n\000g\000\040\000L\000a\000w\000\040\000o\000f\000\040\000C\000a\000p\000i\000t\000a\000l\000\040\000A\000c\000c\000u\000m\000u\000l\000a\000t\000i\000o\000n}{}% 17
\BOOKMARK [1][-]{section.8}{\376\377\000S\000t\000a\000g\000e\000\040\000B\000:\000\040\000B\000e\000h\000a\000v\000i\000o\000r\000a\000l\000\040\000A\000c\000c\000u\000m\000u\000l\000a\000t\000i\000o\000n\000\040\000L\000a\000w\000\040\000\050\000A\000R\000D\000L\000\051}{}% 18
\BOOKMARK [2][-]{subsection.8.1}{\376\377\000S\000p\000e\000c\000i\000f\000i\000c\000a\000t\000i\000o\000n}{section.8}% 19
\BOOKMARK [2][-]{subsection.8.2}{\376\377\000N\000e\000s\000t\000e\000d\000\040\000R\000e\000s\000t\000r\000i\000c\000t\000i\000o\000n\000\040\000M\000e\000n\000u}{section.8}% 20
\BOOKMARK [2][-]{subsection.8.3}{\376\377\000R\000e\000s\000u\000l\000t\000s\000:\000\040\000U\000S}{section.8}% 21
\BOOKMARK [2][-]{subsection.8.4}{\376\377\000R\000e\000s\000u\000l\000t\000s\000:\000\040\000C\000h\000i\000l\000e}{section.8}% 22
\BOOKMARK [1][-]{section.9}{\376\377\000T\000h\000e\000\040\000P\000e\000r\000i\000p\000h\000e\000r\000a\000l\000\040\000T\000w\000i\000s\000t\000:\000\040\000B\000o\000P\000\040\000C\000o\000n\000s\000t\000r\000a\000i\000n\000t\000\040\000a\000n\000d\000\040\000t\000h\000e\000\040\000I\000m\000p\000o\000r\000t\000\040\000C\000o\000n\000t\000e\000n\000t\000\040\000o\000f\000\040\000R\000e\000c\000a\000p\000i\000t\000a\000l\000i\000z\000a\000t\000i\000o\000n}{}% 23
\BOOKMARK [2][-]{subsection.9.1}{\376\377\000T\000h\000e\000\040\000T\000a\000v\000a\000r\000e\000s\000\040\000C\000h\000a\000n\000n\000e\000l}{section.9}% 24
\BOOKMARK [2][-]{subsection.9.2}{\376\377\000F\000o\000r\000m\000a\000l\000i\000z\000a\000t\000i\000o\000n}{section.9}% 25
\BOOKMARK [2][-]{subsection.9.3}{\376\377\000T\000h\000e\000\040\000T\000e\000c\000h\000n\000i\000c\000a\000l\000\040\000C\000o\000m\000p\000o\000s\000i\000t\000i\000o\000n\000\040\000C\000h\000a\000n\000n\000e\000l}{section.9}% 26
\BOOKMARK [1][-]{section.10}{\376\377\000S\000t\000r\000u\000c\000t\000u\000r\000a\000l\000\040\000C\000o\000m\000p\000a\000r\000i\000s\000o\000n\000:\000\040\000C\000e\000n\000t\000e\000r\000\040\000v\000s\000.\000\040\000P\000e\000r\000i\000p\000h\000e\000r\000y}{}% 27
\BOOKMARK [1][-]{section.11}{\376\377\000C\000o\000n\000c\000l\000u\000s\000i\000o\000n\000s}{}% 28
