This is pdfTeX, Version 3.141592653-2.6-1.40.28 (MiKTeX 25.12) (preloaded format=pdflatex 2026.1.13)  1 MAR 2026 02:11
entering extended mode
 restricted \write18 enabled.
 %&-line parsing enabled.
**./REPORT_VECM_S1_shaikh_window.tex
(REPORT_VECM_S1_shaikh_window.tex
LaTeX2e <2025-11-01>
L3 programming layer <2025-12-29>
(C:\Users\User\AppData\Local\Programs\MiKTeX\tex/latex/base\article.cls
Document Class: article 2025/01/22 v1.4n Standard LaTeX document class
(C:\Users\User\AppData\Local\Programs\MiKTeX\tex/latex/base\size11.clo
File: size11.clo 2025/01/22 v1.4n Standard LaTeX file (size option)
)
\c@part=\count275
\c@section=\count276
\c@subsection=\count277
\c@subsubsection=\count278
\c@paragraph=\count279
\c@subparagraph=\count280
\c@figure=\count281
\c@table=\count282
\abovecaptionskip=\skip49
\belowcaptionskip=\skip50
\bibindent=\dimen148
)
(C:\Users\User\AppData\Local\Programs\MiKTeX\tex/latex/geometry\geometry.sty
Package: geometry 2020/01/02 v5.9 Page Geometry

(C:\Users\User\AppData\Local\Programs\MiKTeX\tex/latex/graphics\keyval.sty
Package: keyval 2022/05/29 v1.15 key=value parser (DPC)
\KV@toks@=\toks17
)
(C:\Users\User\AppData\Local\Programs\MiKTeX\tex/generic/iftex\ifvtex.sty
Package: ifvtex 2019/10/25 v1.7 ifvtex legacy package. Use iftex instead.

(C:\Users\User\AppData\Local\Programs\MiKTeX\tex/generic/iftex\iftex.sty
Package: iftex 2024/12/12 v1.0g TeX engine tests
))
\Gm@cnth=\count283
\Gm@cntv=\count284
\c@Gm@tempcnt=\count285
\Gm@bindingoffset=\dimen149
\Gm@wd@mp=\dimen150
\Gm@odd@mp=\dimen151
\Gm@even@mp=\dimen152
\Gm@layoutwidth=\dimen153
\Gm@layoutheight=\dimen154
\Gm@layouthoffset=\dimen155
\Gm@layoutvoffset=\dimen156
\Gm@dimlist=\toks18

(C:\Users\User\AppData\Local\Programs\MiKTeX\tex/latex/geometry\geometry.cfg))
(C:\Users\User\AppData\Local\Programs\MiKTeX\tex/latex/graphics\graphicx.sty
Package: graphicx 2024/12/31 v1.2e Enhanced LaTeX Graphics (DPC,SPQR)

(C:\Users\User\AppData\Local\Programs\MiKTeX\tex/latex/graphics\graphics.sty
Package: graphics 2024/08/06 v1.4g Standard LaTeX Graphics (DPC,SPQR)

(C:\Users\User\AppData\Local\Programs\MiKTeX\tex/latex/graphics\trig.sty
Package: trig 2023/12/02 v1.11 sin cos tan (DPC)
)
(C:\Users\User\AppData\Local\Programs\MiKTeX\tex/latex/graphics-cfg\graphics.cf
g
File: graphics.cfg 2016/06/04 v1.11 sample graphics configuration
)
Package graphics Info: Driver file: pdftex.def on input line 106.

(C:\Users\User\AppData\Local\Programs\MiKTeX\tex/latex/graphics-def\pdftex.def
File: pdftex.def 2025/09/29 v1.2d Graphics/color driver for pdftex
))
\Gin@req@height=\dimen157
\Gin@req@width=\dimen158
) (C:\Users\User\AppData\Local\Programs\MiKTeX\tex/latex/booktabs\booktabs.sty
Package: booktabs 2020/01/12 v1.61803398 Publication quality tables
\heavyrulewidth=\dimen159
\lightrulewidth=\dimen160
\cmidrulewidth=\dimen161
\belowrulesep=\dimen162
\belowbottomsep=\dimen163
\aboverulesep=\dimen164
\abovetopsep=\dimen165
\cmidrulesep=\dimen166
\cmidrulekern=\dimen167
\defaultaddspace=\dimen168
\@cmidla=\count286
\@cmidlb=\count287
\@aboverulesep=\dimen169
\@belowrulesep=\dimen170
\@thisruleclass=\count288
\@lastruleclass=\count289
\@thisrulewidth=\dimen171
) (C:\Users\User\AppData\Local\Programs\MiKTeX\tex/latex/float\float.sty
Package: float 2001/11/08 v1.3d Float enhancements (AL)
\c@float@type=\count290
\float@exts=\toks19
\float@box=\box53
\@float@everytoks=\toks20
\@floatcapt=\box54
)
(C:\Users\User\AppData\Local\Programs\MiKTeX\tex/latex/caption\caption.sty
Package: caption 2023/08/05 v3.6o Customizing captions (AR)

(C:\Users\User\AppData\Local\Programs\MiKTeX\tex/latex/caption\caption3.sty
Package: caption3 2023/07/31 v2.4d caption3 kernel (AR)
\caption@tempdima=\dimen172
\captionmargin=\dimen173
\caption@leftmargin=\dimen174
\caption@rightmargin=\dimen175
\caption@width=\dimen176
\caption@indent=\dimen177
\caption@parindent=\dimen178
\caption@hangindent=\dimen179
Package caption Info: Standard document class detected.
)
\c@caption@flags=\count291
\c@continuedfloat=\count292
Package caption Info: float package is loaded.
)
(C:\Users\User\AppData\Local\Programs\MiKTeX\tex/latex/hyperref\hyperref.sty
Package: hyperref 2025-07-12 v7.01o Hypertext links for LaTeX

(C:\Users\User\AppData\Local\Programs\MiKTeX\tex/latex/kvsetkeys\kvsetkeys.sty
Package: kvsetkeys 2022-10-05 v1.19 Key value parser (HO)
)
(C:\Users\User\AppData\Local\Programs\MiKTeX\tex/generic/kvdefinekeys\kvdefinek
eys.sty
Package: kvdefinekeys 2019-12-19 v1.6 Define keys (HO)
)
(C:\Users\User\AppData\Local\Programs\MiKTeX\tex/generic/pdfescape\pdfescape.st
y
Package: pdfescape 2019/12/09 v1.15 Implements pdfTeX's escape features (HO)
 (C:\Users\User\AppData\Local\Programs\MiKTeX\tex/generic/ltxcmds\ltxcmds.sty
Package: ltxcmds 2023-12-04 v1.26 LaTeX kernel commands for general use (HO)
)
(C:\Users\User\AppData\Local\Programs\MiKTeX\tex/generic/pdftexcmds\pdftexcmds.
sty
Package: pdftexcmds 2020-06-27 v0.33 Utility functions of pdfTeX for LuaTeX (HO
)

(C:\Users\User\AppData\Local\Programs\MiKTeX\tex/generic/infwarerr\infwarerr.st
y
Package: infwarerr 2019/12/03 v1.5 Providing info/warning/error messages (HO)
)
Package pdftexcmds Info: \pdf@primitive is available.
Package pdftexcmds Info: \pdf@ifprimitive is available.
Package pdftexcmds Info: \pdfdraftmode found.
)) (C:\Users\User\AppData\Local\Programs\MiKTeX\tex/latex/hycolor\hycolor.sty
Package: hycolor 2020-01-27 v1.10 Color options for hyperref/bookmark (HO)
) (C:\Users\User\AppData\Local\Programs\MiKTeX\tex/latex/hyperref\nameref.sty
Package: nameref 2025-06-21 v2.57 Cross-referencing by name of section

(C:\Users\User\AppData\Local\Programs\MiKTeX\tex/latex/refcount\refcount.sty
Package: refcount 2019/12/15 v3.6 Data extraction from label references (HO)
)
(C:\Users\User\AppData\Local\Programs\MiKTeX\tex/generic/gettitlestring\gettitl
estring.sty
Package: gettitlestring 2019/12/15 v1.6 Cleanup title references (HO)

(C:\Users\User\AppData\Local\Programs\MiKTeX\tex/latex/kvoptions\kvoptions.sty
Package: kvoptions 2022-06-15 v3.15 Key value format for package options (HO)
))
\c@section@level=\count293
) (C:\Users\User\AppData\Local\Programs\MiKTeX\tex/latex/etoolbox\etoolbox.sty
Package: etoolbox 2025/10/02 v2.5m e-TeX tools for LaTeX (JAW)
\etb@tempcnta=\count294
)
(C:\Users\User\AppData\Local\Programs\MiKTeX\tex/generic/stringenc\stringenc.st
y
Package: stringenc 2019/11/29 v1.12 Convert strings between diff. encodings (HO
)
)
\@linkdim=\dimen180
\Hy@linkcounter=\count295
\Hy@pagecounter=\count296
 (C:\Users\User\AppData\Local\Programs\MiKTeX\tex/latex/hyperref\pd1enc.def
File: pd1enc.def 2025-07-12 v7.01o Hyperref: PDFDocEncoding definition (HO)
Now handling font encoding PD1 ...
... no UTF-8 mapping file for font encoding PD1
)
(C:\Users\User\AppData\Local\Programs\MiKTeX\tex/generic/intcalc\intcalc.sty
Package: intcalc 2019/12/15 v1.3 Expandable calculations with integers (HO)
)
\Hy@SavedSpaceFactor=\count297

(C:\Users\User\AppData\Local\Programs\MiKTeX\tex/latex/hyperref\puenc.def
File: puenc.def 2025-07-12 v7.01o Hyperref: PDF Unicode definition (HO)
Now handling font encoding PU ...
... no UTF-8 mapping file for font encoding PU
)
Package hyperref Info: Hyper figures OFF on input line 4195.
Package hyperref Info: Link nesting OFF on input line 4200.
Package hyperref Info: Hyper index ON on input line 4203.
Package hyperref Info: Plain pages OFF on input line 4210.
Package hyperref Info: Backreferencing OFF on input line 4215.
Package hyperref Info: Implicit mode ON; LaTeX internals redefined.
Package hyperref Info: Bookmarks ON on input line 4462.
\c@Hy@tempcnt=\count298

(C:\Users\User\AppData\Local\Programs\MiKTeX\tex/latex/url\url.sty
\Urlmuskip=\muskip17
Package: url 2013/09/16  ver 3.4  Verb mode for urls, etc.
)
LaTeX Info: Redefining \url on input line 4801.
\XeTeXLinkMargin=\dimen181

(C:\Users\User\AppData\Local\Programs\MiKTeX\tex/generic/bitset\bitset.sty
Package: bitset 2019/12/09 v1.3 Handle bit-vector datatype (HO)

(C:\Users\User\AppData\Local\Programs\MiKTeX\tex/generic/bigintcalc\bigintcalc.
sty
Package: bigintcalc 2019/12/15 v1.5 Expandable calculations on big integers (HO
)
))
\Fld@menulength=\count299
\Field@Width=\dimen182
\Fld@charsize=\dimen183
Package hyperref Info: Hyper figures OFF on input line 6078.
Package hyperref Info: Link nesting OFF on input line 6083.
Package hyperref Info: Hyper index ON on input line 6086.
Package hyperref Info: backreferencing OFF on input line 6093.
Package hyperref Info: Link coloring OFF on input line 6098.
Package hyperref Info: Link coloring with OCG OFF on input line 6103.
Package hyperref Info: PDF/A mode OFF on input line 6108.
\Hy@abspage=\count300
\c@Item=\count301
\c@Hfootnote=\count302
)
Package hyperref Info: Driver (autodetected): hpdftex.

(C:\Users\User\AppData\Local\Programs\MiKTeX\tex/latex/hyperref\hpdftex.def
File: hpdftex.def 2025-07-12 v7.01o Hyperref driver for pdfTeX
\Fld@listcount=\count303
\c@bookmark@seq@number=\count304

(C:\Users\User\AppData\Local\Programs\MiKTeX\tex/latex/rerunfilecheck\rerunfile
check.sty
Package: rerunfilecheck 2025-06-21 v1.11 Rerun checks for auxiliary files (HO)

(C:\Users\User\AppData\Local\Programs\MiKTeX\tex/generic/uniquecounter\uniqueco
unter.sty
Package: uniquecounter 2019/12/15 v1.4 Provide unlimited unique counter (HO)
)
Package uniquecounter Info: New unique counter `rerunfilecheck' on input line 2
84.
)
\Hy@SectionHShift=\skip51
)
(C:\Users\User\AppData\Local\Programs\MiKTeX\tex/latex/amsmath\amsmath.sty
Package: amsmath 2025/07/09 v2.17z AMS math features
\@mathmargin=\skip52

For additional information on amsmath, use the `?' option.
(C:\Users\User\AppData\Local\Programs\MiKTeX\tex/latex/amsmath\amstext.sty
Package: amstext 2024/11/17 v2.01 AMS text

(C:\Users\User\AppData\Local\Programs\MiKTeX\tex/latex/amsmath\amsgen.sty
File: amsgen.sty 1999/11/30 v2.0 generic functions
\@emptytoks=\toks21
\ex@=\dimen184
))
(C:\Users\User\AppData\Local\Programs\MiKTeX\tex/latex/amsmath\amsbsy.sty
Package: amsbsy 1999/11/29 v1.2d Bold Symbols
\pmbraise@=\dimen185
)
(C:\Users\User\AppData\Local\Programs\MiKTeX\tex/latex/amsmath\amsopn.sty
Package: amsopn 2022/04/08 v2.04 operator names
)
\inf@bad=\count305
LaTeX Info: Redefining \frac on input line 233.
\uproot@=\count306
\leftroot@=\count307
LaTeX Info: Redefining \overline on input line 398.
LaTeX Info: Redefining \colon on input line 409.
\classnum@=\count308
\DOTSCASE@=\count309
LaTeX Info: Redefining \ldots on input line 495.
LaTeX Info: Redefining \dots on input line 498.
LaTeX Info: Redefining \cdots on input line 619.
\Mathstrutbox@=\box55
\strutbox@=\box56
LaTeX Info: Redefining \big on input line 721.
LaTeX Info: Redefining \Big on input line 722.
LaTeX Info: Redefining \bigg on input line 723.
LaTeX Info: Redefining \Bigg on input line 724.
\big@size=\dimen186
LaTeX Font Info:    Redeclaring font encoding OML on input line 742.
LaTeX Font Info:    Redeclaring font encoding OMS on input line 743.
\macc@depth=\count310
LaTeX Info: Redefining \bmod on input line 904.
LaTeX Info: Redefining \pmod on input line 909.
LaTeX Info: Redefining \smash on input line 939.
LaTeX Info: Redefining \relbar on input line 969.
LaTeX Info: Redefining \Relbar on input line 970.
\c@MaxMatrixCols=\count311
\dotsspace@=\muskip18
\c@parentequation=\count312
\dspbrk@lvl=\count313
\tag@help=\toks22
\row@=\count314
\column@=\count315
\maxfields@=\count316
\andhelp@=\toks23
\eqnshift@=\dimen187
\alignsep@=\dimen188
\tagshift@=\dimen189
\tagwidth@=\dimen190
\totwidth@=\dimen191
\lineht@=\dimen192
\@envbody=\toks24
\multlinegap=\skip53
\multlinetaggap=\skip54
\mathdisplay@stack=\toks25
LaTeX Info: Redefining \[ on input line 2950.
LaTeX Info: Redefining \] on input line 2951.
)
(C:\Users\User\AppData\Local\Programs\MiKTeX\tex/latex/l3backend\l3backend-pdft
ex.def
File: l3backend-pdftex.def 2025-10-09 L3 backend support: PDF output (pdfTeX)
\l__color_backend_stack_int=\count317
) (REPORT_VECM_S1_shaikh_window.aux)
\openout1 = `REPORT_VECM_S1_shaikh_window.aux'.

LaTeX Font Info:    Checking defaults for OML/cmm/m/it on input line 11.
LaTeX Font Info:    ... okay on input line 11.
LaTeX Font Info:    Checking defaults for OMS/cmsy/m/n on input line 11.
LaTeX Font Info:    ... okay on input line 11.
LaTeX Font Info:    Checking defaults for OT1/cmr/m/n on input line 11.
LaTeX Font Info:    ... okay on input line 11.
LaTeX Font Info:    Checking defaults for T1/cmr/m/n on input line 11.
LaTeX Font Info:    ... okay on input line 11.
LaTeX Font Info:    Checking defaults for TS1/cmr/m/n on input line 11.
LaTeX Font Info:    ... okay on input line 11.
LaTeX Font Info:    Checking defaults for OMX/cmex/m/n on input line 11.
LaTeX Font Info:    ... okay on input line 11.
LaTeX Font Info:    Checking defaults for U/cmr/m/n on input line 11.
LaTeX Font Info:    ... okay on input line 11.
LaTeX Font Info:    Checking defaults for PD1/pdf/m/n on input line 11.
LaTeX Font Info:    ... okay on input line 11.
LaTeX Font Info:    Checking defaults for PU/pdf/m/n on input line 11.
LaTeX Font Info:    ... okay on input line 11.

*geometry* driver: auto-detecting
*geometry* detected driver: pdftex
*geometry* verbose mode - [ preamble ] result:
* driver: pdftex
* paper: <default>
* layout: <same size as paper>
* layoutoffset:(h,v)=(0.0pt,0.0pt)
* modes: 
* h-part:(L,W,R)=(72.26999pt, 469.75502pt, 72.26999pt)
* v-part:(T,H,B)=(72.26999pt, 650.43001pt, 72.26999pt)
* \paperwidth=614.295pt
* \paperheight=794.96999pt
* \textwidth=469.75502pt
* \textheight=650.43001pt
* \oddsidemargin=0.0pt
* \evensidemargin=0.0pt
* \topmargin=-37.0pt
* \headheight=12.0pt
* \headsep=25.0pt
* \topskip=11.0pt
* \footskip=30.0pt
* \marginparwidth=59.0pt
* \marginparsep=10.0pt
* \columnsep=10.0pt
* \skip\footins=10.0pt plus 4.0pt minus 2.0pt
* \hoffset=0.0pt
* \voffset=0.0pt
* \mag=1000
* \@twocolumnfalse
* \@twosidefalse
* \@mparswitchfalse
* \@reversemarginfalse
* (1in=72.27pt=25.4mm, 1cm=28.453pt)


(C:\Users\User\AppData\Local\Programs\MiKTeX\tex/context/base/mkii\supp-pdf.mki
i
[Loading MPS to PDF converter (version 2006.09.02).]
\scratchcounter=\count318
\scratchdimen=\dimen193
\scratchbox=\box57
\nofMPsegments=\count319
\nofMParguments=\count320
\everyMPshowfont=\toks26
\MPscratchCnt=\count321
\MPscratchDim=\dimen194
\MPnumerator=\count322
\makeMPintoPDFobject=\count323
\everyMPtoPDFconversion=\toks27
)
(C:\Users\User\AppData\Local\Programs\MiKTeX\tex/latex/epstopdf-pkg\epstopdf-ba
se.sty
Package: epstopdf-base 2020-01-24 v2.11 Base part for package epstopdf
 (C:\Users\User\AppData\Local\Programs\MiKTeX\tex/latex/grfext\grfext.sty
Package: grfext 2019/12/03 v1.3 Manage graphics extensions (HO)
)
Package epstopdf-base Info: Redefining graphics rule for `.eps' on input line 4
85.
Package grfext Info: Graphics extension search list:
(grfext)             [.pdf,.png,.jpg,.mps,.jpeg,.jbig2,.jb2,.PDF,.PNG,.JPG,.JPE
G,.JBIG2,.JB2,.eps]
(grfext)             \AppendGraphicsExtensions on input line 504.

(C:\Users\User\AppData\Local\Programs\MiKTeX\tex/latex/00miktex\epstopdf-sys.cf
g
File: epstopdf-sys.cfg 2021/03/18 v2.0 Configuration of epstopdf for MiKTeX
))
Package caption Info: Begin \AtBeginDocument code.
Package caption Info: hyperref package is loaded.
Package caption Info: End \AtBeginDocument code.
Package hyperref Info: Link coloring OFF on input line 11.
 (REPORT_VECM_S1_shaikh_window.out) (REPORT_VECM_S1_shaikh_window.out)
\@outlinefile=\write3
\openout3 = `REPORT_VECM_S1_shaikh_window.out'.



LaTeX Warning: No \author given.

(TAB_scoreboard.tex) [1

{C:/Users/User/AppData/Local/MiKTeX/fonts/map/pdftex/pdftex.map}]
LaTeX Font Info:    Font shape `OT1/cmtt/bx/n' in size <14.4> not available
(Font)              Font shape `OT1/cmtt/m/n' tried instead on input line 18.
 (../SR_const__LR_none/tex/TAB_branch_summary.tex
! Missing $ inserted.
<inserted text> 
                $
l.3 ..._LR_none}Branch summary: SR_const__LR_none}
                                                  
I've inserted a begin-math/end-math symbol since I think
you left one out. Proceed, with fingers crossed.

! Missing { inserted.
<to be read again> 
                   _
l.3 ..._LR_none}Branch summary: SR_const__LR_none}
                                                  
A left brace was mandatory here, so I've put one in.
You might want to delete and/or insert some corrections
so that I will find a matching right brace soon.
(If you're confused by all this, try typing `I}' now.)

! Missing $ inserted.
<inserted text> 
                $
l.3 ..._LR_none}Branch summary: SR_const__LR_none}
                                                  
I've inserted a begin-math/end-math symbol since I think
you left one out. Proceed, with fingers crossed.

! Missing } inserted.
<inserted text> 
                }
l.3 ..._LR_none}Branch summary: SR_const__LR_none}
                                                  
I've inserted something that you may have forgotten.
(See the <inserted text> above.)
With luck, this will get me unwedged. But if you
really didn't forget anything, try typing `2' now; then
my insertion and my current dilemma will both disappear.

! Missing $ inserted.
<inserted text> 
                $
l.3 ..._LR_none}Branch summary: SR_const__LR_none}
                                                  
I've inserted a begin-math/end-math symbol since I think
you left one out. Proceed, with fingers crossed.

! Missing { inserted.
<to be read again> 
                   _
l.3 ..._LR_none}Branch summary: SR_const__LR_none}
                                                  
A left brace was mandatory here, so I've put one in.
You might want to delete and/or insert some corrections
so that I will find a matching right brace soon.
(If you're confused by all this, try typing `I}' now.)

! Missing $ inserted.
<inserted text> 
                $
l.3 ..._LR_none}Branch summary: SR_const__LR_none}
                                                  
I've inserted a begin-math/end-math symbol since I think
you left one out. Proceed, with fingers crossed.

! Missing } inserted.
<inserted text> 
                }
l.3 ..._LR_none}Branch summary: SR_const__LR_none}
                                                  
I've inserted something that you may have forgotten.
(See the <inserted text> above.)
With luck, this will get me unwedged. But if you
really didn't forget anything, try typing `2' now; then
my insertion and my current dilemma will both disappear.

) (../SR_const__LR_none/tex/TAB_top_cells_N10.tex
! Missing $ inserted.
<inserted text> 
                $
l.3 ...Top cells (N=10) by BIC: SR_const__LR_none}
                                                  
I've inserted a begin-math/end-math symbol since I think
you left one out. Proceed, with fingers crossed.

! Missing { inserted.
<to be read again> 
                   _
l.3 ...Top cells (N=10) by BIC: SR_const__LR_none}
                                                  
A left brace was mandatory here, so I've put one in.
You might want to delete and/or insert some corrections
so that I will find a matching right brace soon.
(If you're confused by all this, try typing `I}' now.)

! Missing $ inserted.
<inserted text> 
                $
l.3 ...Top cells (N=10) by BIC: SR_const__LR_none}
                                                  
I've inserted a begin-math/end-math symbol since I think
you left one out. Proceed, with fingers crossed.

! Missing } inserted.
<inserted text> 
                }
l.3 ...Top cells (N=10) by BIC: SR_const__LR_none}
                                                  
I've inserted something that you may have forgotten.
(See the <inserted text> above.)
With luck, this will get me unwedged. But if you
really didn't forget anything, try typing `2' now; then
my insertion and my current dilemma will both disappear.

! Missing $ inserted.
<inserted text> 
                $
l.3 ...Top cells (N=10) by BIC: SR_const__LR_none}
                                                  
I've inserted a begin-math/end-math symbol since I think
you left one out. Proceed, with fingers crossed.

! Missing { inserted.
<to be read again> 
                   _
l.3 ...Top cells (N=10) by BIC: SR_const__LR_none}
                                                  
A left brace was mandatory here, so I've put one in.
You might want to delete and/or insert some corrections
so that I will find a matching right brace soon.
(If you're confused by all this, try typing `I}' now.)

! Missing $ inserted.
<inserted text> 
                $
l.3 ...Top cells (N=10) by BIC: SR_const__LR_none}
                                                  
I've inserted a begin-math/end-math symbol since I think
you left one out. Proceed, with fingers crossed.

! Missing } inserted.
<inserted text> 
                }
l.3 ...Top cells (N=10) by BIC: SR_const__LR_none}
                                                  
I've inserted something that you may have forgotten.
(See the <inserted text> above.)
With luck, this will get me unwedged. But if you
really didn't forget anything, try typing `2' now; then
my insertion and my current dilemma will both disappear.

) (../SR_const__LR_none/tex/TAB_eta_best_cells.tex
! Missing $ inserted.
<inserted text> 
                $
l.3 ...ity (best cell per eta): SR_const__LR_none}
                                                  
I've inserted a begin-math/end-math symbol since I think
you left one out. Proceed, with fingers crossed.

! Missing { inserted.
<to be read again> 
                   _
l.3 ...ity (best cell per eta): SR_const__LR_none}
                                                  
A left brace was mandatory here, so I've put one in.
You might want to delete and/or insert some corrections
so that I will find a matching right brace soon.
(If you're confused by all this, try typing `I}' now.)

! Missing $ inserted.
<inserted text> 
                $
l.3 ...ity (best cell per eta): SR_const__LR_none}
                                                  
I've inserted a begin-math/end-math symbol since I think
you left one out. Proceed, with fingers crossed.

! Missing } inserted.
<inserted text> 
                }
l.3 ...ity (best cell per eta): SR_const__LR_none}
                                                  
I've inserted something that you may have forgotten.
(See the <inserted text> above.)
With luck, this will get me unwedged. But if you
really didn't forget anything, try typing `2' now; then
my insertion and my current dilemma will both disappear.

! Missing $ inserted.
<inserted text> 
                $
l.3 ...ity (best cell per eta): SR_const__LR_none}
                                                  
I've inserted a begin-math/end-math symbol since I think
you left one out. Proceed, with fingers crossed.

! Missing { inserted.
<to be read again> 
                   _
l.3 ...ity (best cell per eta): SR_const__LR_none}
                                                  
A left brace was mandatory here, so I've put one in.
You might want to delete and/or insert some corrections
so that I will find a matching right brace soon.
(If you're confused by all this, try typing `I}' now.)

! Missing $ inserted.
<inserted text> 
                $
l.3 ...ity (best cell per eta): SR_const__LR_none}
                                                  
I've inserted a begin-math/end-math symbol since I think
you left one out. Proceed, with fingers crossed.

! Missing } inserted.
<inserted text> 
                }
l.3 ...ity (best cell per eta): SR_const__LR_none}
                                                  
I've inserted something that you may have forgotten.
(See the <inserted text> above.)
With luck, this will get me unwedged. But if you
really didn't forget anything, try typing `2' now; then
my insertion and my current dilemma will both disappear.

)
<../SR_const__LR_none/figs/FIG_dBIC_surface.png, id=115, 722.7pt x 433.62pt>
File: ../SR_const__LR_none/figs/FIG_dBIC_surface.png Graphic file (type png)
<use ../SR_const__LR_none/figs/FIG_dBIC_surface.png>
Package pdftex.def Info: ../SR_const__LR_none/figs/FIG_dBIC_surface.png  used o
n input line 28.
(pdftex.def)             Requested size: 446.26582pt x 267.76312pt.
<../SR_const__LR_none/figs/FIG_ll_frontier.png, id=116, 722.7pt x 433.62pt>
File: ../SR_const__LR_none/figs/FIG_ll_frontier.png Graphic file (type png)
<use ../SR_const__LR_none/figs/FIG_ll_frontier.png>
Package pdftex.def Info: ../SR_const__LR_none/figs/FIG_ll_frontier.png  used on
 input line 33.
(pdftex.def)             Requested size: 446.26582pt x 267.76312pt.
<../SR_const__LR_none/figs/FIG_theta_surface.png, id=117, 722.7pt x 433.62pt>
File: ../SR_const__LR_none/figs/FIG_theta_surface.png Graphic file (type png)
<use ../SR_const__LR_none/figs/FIG_theta_surface.png>
Package pdftex.def Info: ../SR_const__LR_none/figs/FIG_theta_surface.png  used 
on input line 38.
(pdftex.def)             Requested size: 446.26582pt x 267.76312pt.
<../SR_const__LR_none/figs/FIG_stability_margin_surface.png, id=118, 722.7pt x 
433.62pt>
File: ../SR_const__LR_none/figs/FIG_stability_margin_surface.png Graphic file (
type png)
<use ../SR_const__LR_none/figs/FIG_stability_margin_surface.png>
Package pdftex.def Info: ../SR_const__LR_none/figs/FIG_stability_margin_surface
.png  used on input line 43.
(pdftex.def)             Requested size: 446.26582pt x 267.76312pt.
<../SR_const__LR_none/figs/FIG_embedding_pca.png, id=119, 722.7pt x 433.62pt>
File: ../SR_const__LR_none/figs/FIG_embedding_pca.png Graphic file (type png)
<use ../SR_const__LR_none/figs/FIG_embedding_pca.png>
Package pdftex.def Info: ../SR_const__LR_none/figs/FIG_embedding_pca.png  used 
on input line 48.
(pdftex.def)             Requested size: 446.26582pt x 267.76312pt.
<../SR_const__LR_none/figs/FIG_ect_overlay_representatives.png, id=120, 794.97p
t x 433.62pt>
File: ../SR_const__LR_none/figs/FIG_ect_overlay_representatives.png Graphic fil
e (type png)
<use ../SR_const__LR_none/figs/FIG_ect_overlay_representatives.png>
Package pdftex.def Info: ../SR_const__LR_none/figs/FIG_ect_overlay_representati
ves.png  used on input line 53.
(pdftex.def)             Requested size: 446.26582pt x 243.42102pt.
 [2

] [3 <../SR_const__LR_none/figs/FIG_dBIC_surface.png (PNG copy)> <../SR_const__
LR_none/figs/FIG_ll_frontier.png (PNG copy)>] [4 <../SR_const__LR_none/figs/FIG
_theta_surface.png (PNG copy)> <../SR_const__LR_none/figs/FIG_stability_margin_
surface.png (PNG copy)>] [5 <../SR_const__LR_none/figs/FIG_embedding_pca.png> <
../SR_const__LR_none/figs/FIG_ect_overlay_representatives.png>]
(../SR_const__LR_trend/tex/TAB_branch_summary.tex
! Missing $ inserted.
<inserted text> 
                $
l.3 ...R_trend}Branch summary: SR_const__LR_trend}
                                                  
I've inserted a begin-math/end-math symbol since I think
you left one out. Proceed, with fingers crossed.

! Missing { inserted.
<to be read again> 
                   _
l.3 ...R_trend}Branch summary: SR_const__LR_trend}
                                                  
A left brace was mandatory here, so I've put one in.
You might want to delete and/or insert some corrections
so that I will find a matching right brace soon.
(If you're confused by all this, try typing `I}' now.)

! Missing $ inserted.
<inserted text> 
                $
l.3 ...R_trend}Branch summary: SR_const__LR_trend}
                                                  
I've inserted a begin-math/end-math symbol since I think
you left one out. Proceed, with fingers crossed.

! Missing } inserted.
<inserted text> 
                }
l.3 ...R_trend}Branch summary: SR_const__LR_trend}
                                                  
I've inserted something that you may have forgotten.
(See the <inserted text> above.)
With luck, this will get me unwedged. But if you
really didn't forget anything, try typing `2' now; then
my insertion and my current dilemma will both disappear.

! Missing $ inserted.
<inserted text> 
                $
l.3 ...R_trend}Branch summary: SR_const__LR_trend}
                                                  
I've inserted a begin-math/end-math symbol since I think
you left one out. Proceed, with fingers crossed.

! Missing { inserted.
<to be read again> 
                   _
l.3 ...R_trend}Branch summary: SR_const__LR_trend}
                                                  
A left brace was mandatory here, so I've put one in.
You might want to delete and/or insert some corrections
so that I will find a matching right brace soon.
(If you're confused by all this, try typing `I}' now.)

! Missing $ inserted.
<inserted text> 
                $
l.3 ...R_trend}Branch summary: SR_const__LR_trend}
                                                  
I've inserted a begin-math/end-math symbol since I think
you left one out. Proceed, with fingers crossed.

! Missing } inserted.
<inserted text> 
                }
l.3 ...R_trend}Branch summary: SR_const__LR_trend}
                                                  
I've inserted something that you may have forgotten.
(See the <inserted text> above.)
With luck, this will get me unwedged. But if you
really didn't forget anything, try typing `2' now; then
my insertion and my current dilemma will both disappear.

) (../SR_const__LR_trend/tex/TAB_top_cells_N10.tex
! Missing $ inserted.
<inserted text> 
                $
l.3 ...op cells (N=10) by BIC: SR_const__LR_trend}
                                                  
I've inserted a begin-math/end-math symbol since I think
you left one out. Proceed, with fingers crossed.

! Missing { inserted.
<to be read again> 
                   _
l.3 ...op cells (N=10) by BIC: SR_const__LR_trend}
                                                  
A left brace was mandatory here, so I've put one in.
You might want to delete and/or insert some corrections
so that I will find a matching right brace soon.
(If you're confused by all this, try typing `I}' now.)

! Missing $ inserted.
<inserted text> 
                $
l.3 ...op cells (N=10) by BIC: SR_const__LR_trend}
                                                  
I've inserted a begin-math/end-math symbol since I think
you left one out. Proceed, with fingers crossed.

! Missing } inserted.
<inserted text> 
                }
l.3 ...op cells (N=10) by BIC: SR_const__LR_trend}
                                                  
I've inserted something that you may have forgotten.
(See the <inserted text> above.)
With luck, this will get me unwedged. But if you
really didn't forget anything, try typing `2' now; then
my insertion and my current dilemma will both disappear.

! Missing $ inserted.
<inserted text> 
                $
l.3 ...op cells (N=10) by BIC: SR_const__LR_trend}
                                                  
I've inserted a begin-math/end-math symbol since I think
you left one out. Proceed, with fingers crossed.

! Missing { inserted.
<to be read again> 
                   _
l.3 ...op cells (N=10) by BIC: SR_const__LR_trend}
                                                  
A left brace was mandatory here, so I've put one in.
You might want to delete and/or insert some corrections
so that I will find a matching right brace soon.
(If you're confused by all this, try typing `I}' now.)

! Missing $ inserted.
<inserted text> 
                $
l.3 ...op cells (N=10) by BIC: SR_const__LR_trend}
                                                  
I've inserted a begin-math/end-math symbol since I think
you left one out. Proceed, with fingers crossed.

! Missing } inserted.
<inserted text> 
                }
l.3 ...op cells (N=10) by BIC: SR_const__LR_trend}
                                                  
I've inserted something that you may have forgotten.
(See the <inserted text> above.)
With luck, this will get me unwedged. But if you
really didn't forget anything, try typing `2' now; then
my insertion and my current dilemma will both disappear.

) (../SR_const__LR_trend/tex/TAB_eta_best_cells.tex
! Missing $ inserted.
<inserted text> 
                $
l.3 ...ty (best cell per eta): SR_const__LR_trend}
                                                  
I've inserted a begin-math/end-math symbol since I think
you left one out. Proceed, with fingers crossed.

! Missing { inserted.
<to be read again> 
                   _
l.3 ...ty (best cell per eta): SR_const__LR_trend}
                                                  
A left brace was mandatory here, so I've put one in.
You might want to delete and/or insert some corrections
so that I will find a matching right brace soon.
(If you're confused by all this, try typing `I}' now.)

! Missing $ inserted.
<inserted text> 
                $
l.3 ...ty (best cell per eta): SR_const__LR_trend}
                                                  
I've inserted a begin-math/end-math symbol since I think
you left one out. Proceed, with fingers crossed.

! Missing } inserted.
<inserted text> 
                }
l.3 ...ty (best cell per eta): SR_const__LR_trend}
                                                  
I've inserted something that you may have forgotten.
(See the <inserted text> above.)
With luck, this will get me unwedged. But if you
really didn't forget anything, try typing `2' now; then
my insertion and my current dilemma will both disappear.

! Missing $ inserted.
<inserted text> 
                $
l.3 ...ty (best cell per eta): SR_const__LR_trend}
                                                  
I've inserted a begin-math/end-math symbol since I think
you left one out. Proceed, with fingers crossed.

! Missing { inserted.
<to be read again> 
                   _
l.3 ...ty (best cell per eta): SR_const__LR_trend}
                                                  
A left brace was mandatory here, so I've put one in.
You might want to delete and/or insert some corrections
so that I will find a matching right brace soon.
(If you're confused by all this, try typing `I}' now.)

! Missing $ inserted.
<inserted text> 
                $
l.3 ...ty (best cell per eta): SR_const__LR_trend}
                                                  
I've inserted a begin-math/end-math symbol since I think
you left one out. Proceed, with fingers crossed.

! Missing } inserted.
<inserted text> 
                }
l.3 ...ty (best cell per eta): SR_const__LR_trend}
                                                  
I've inserted something that you may have forgotten.
(See the <inserted text> above.)
With luck, this will get me unwedged. But if you
really didn't forget anything, try typing `2' now; then
my insertion and my current dilemma will both disappear.

)
<../SR_const__LR_trend/figs/FIG_dBIC_surface.png, id=160, 722.7pt x 433.62pt>
File: ../SR_const__LR_trend/figs/FIG_dBIC_surface.png Graphic file (type png)
<use ../SR_const__LR_trend/figs/FIG_dBIC_surface.png>
Package pdftex.def Info: ../SR_const__LR_trend/figs/FIG_dBIC_surface.png  used 
on input line 66.
(pdftex.def)             Requested size: 446.26582pt x 267.76312pt.
<../SR_const__LR_trend/figs/FIG_ll_frontier.png, id=161, 722.7pt x 433.62pt>
File: ../SR_const__LR_trend/figs/FIG_ll_frontier.png Graphic file (type png)
<use ../SR_const__LR_trend/figs/FIG_ll_frontier.png>
Package pdftex.def Info: ../SR_const__LR_trend/figs/FIG_ll_frontier.png  used o
n input line 71.
(pdftex.def)             Requested size: 446.26582pt x 267.76312pt.
<../SR_const__LR_trend/figs/FIG_theta_surface.png, id=162, 722.7pt x 433.62pt>
File: ../SR_const__LR_trend/figs/FIG_theta_surface.png Graphic file (type png)
<use ../SR_const__LR_trend/figs/FIG_theta_surface.png>
Package pdftex.def Info: ../SR_const__LR_trend/figs/FIG_theta_surface.png  used
 on input line 76.
(pdftex.def)             Requested size: 446.26582pt x 267.76312pt.
<../SR_const__LR_trend/figs/FIG_stability_margin_surface.png, id=163, 722.7pt x
 433.62pt>
File: ../SR_const__LR_trend/figs/FIG_stability_margin_surface.png Graphic file 
(type png)
<use ../SR_const__LR_trend/figs/FIG_stability_margin_surface.png>
Package pdftex.def Info: ../SR_const__LR_trend/figs/FIG_stability_margin_surfac
e.png  used on input line 81.
(pdftex.def)             Requested size: 446.26582pt x 267.76312pt.
<../SR_const__LR_trend/figs/FIG_embedding_pca.png, id=164, 722.7pt x 433.62pt>
File: ../SR_const__LR_trend/figs/FIG_embedding_pca.png Graphic file (type png)
<use ../SR_const__LR_trend/figs/FIG_embedding_pca.png>
Package pdftex.def Info: ../SR_const__LR_trend/figs/FIG_embedding_pca.png  used
 on input line 86.
(pdftex.def)             Requested size: 446.26582pt x 267.76312pt.
<../SR_const__LR_trend/figs/FIG_ect_overlay_representatives.png, id=165, 794.97
pt x 433.62pt>
File: ../SR_const__LR_trend/figs/FIG_ect_overlay_representatives.png Graphic fi
le (type png)
<use ../SR_const__LR_trend/figs/FIG_ect_overlay_representatives.png>
Package pdftex.def Info: ../SR_const__LR_trend/figs/FIG_ect_overlay_representat
ives.png  used on input line 91.
(pdftex.def)             Requested size: 446.26582pt x 243.42102pt.
 [6

] [7 <../SR_const__LR_trend/figs/FIG_dBIC_surface.png (PNG copy)> <../SR_const_
_LR_trend/figs/FIG_ll_frontier.png (PNG copy)>] [8 <../SR_const__LR_trend/figs/
FIG_theta_surface.png (PNG copy)> <../SR_const__LR_trend/figs/FIG_stability_mar
gin_surface.png (PNG copy)>] [9 <../SR_const__LR_trend/figs/FIG_embedding_pca.p
ng> <../SR_const__LR_trend/figs/FIG_ect_overlay_representatives.png>]
(../SR_none__LR_both/tex/TAB_branch_summary.tex
! Missing $ inserted.
<inserted text> 
                $
l.3 ...__LR_both}Branch summary: SR_none__LR_both}
                                                  
I've inserted a begin-math/end-math symbol since I think
you left one out. Proceed, with fingers crossed.

! Missing { inserted.
<to be read again> 
                   _
l.3 ...__LR_both}Branch summary: SR_none__LR_both}
                                                  
A left brace was mandatory here, so I've put one in.
You might want to delete and/or insert some corrections
so that I will find a matching right brace soon.
(If you're confused by all this, try typing `I}' now.)

! Missing $ inserted.
<inserted text> 
                $
l.3 ...__LR_both}Branch summary: SR_none__LR_both}
                                                  
I've inserted a begin-math/end-math symbol since I think
you left one out. Proceed, with fingers crossed.

! Missing } inserted.
<inserted text> 
                }
l.3 ...__LR_both}Branch summary: SR_none__LR_both}
                                                  
I've inserted something that you may have forgotten.
(See the <inserted text> above.)
With luck, this will get me unwedged. But if you
really didn't forget anything, try typing `2' now; then
my insertion and my current dilemma will both disappear.

! Missing $ inserted.
<inserted text> 
                $
l.3 ...__LR_both}Branch summary: SR_none__LR_both}
                                                  
I've inserted a begin-math/end-math symbol since I think
you left one out. Proceed, with fingers crossed.

! Missing { inserted.
<to be read again> 
                   _
l.3 ...__LR_both}Branch summary: SR_none__LR_both}
                                                  
A left brace was mandatory here, so I've put one in.
You might want to delete and/or insert some corrections
so that I will find a matching right brace soon.
(If you're confused by all this, try typing `I}' now.)

! Missing $ inserted.
<inserted text> 
                $
l.3 ...__LR_both}Branch summary: SR_none__LR_both}
                                                  
I've inserted a begin-math/end-math symbol since I think
you left one out. Proceed, with fingers crossed.

! Missing } inserted.
<inserted text> 
                }
l.3 ...__LR_both}Branch summary: SR_none__LR_both}
                                                  
I've inserted something that you may have forgotten.
(See the <inserted text> above.)
With luck, this will get me unwedged. But if you
really didn't forget anything, try typing `2' now; then
my insertion and my current dilemma will both disappear.

) (../SR_none__LR_both/tex/TAB_top_cells_N10.tex
! Missing $ inserted.
<inserted text> 
                $
l.3 ...}Top cells (N=10) by BIC: SR_none__LR_both}
                                                  
I've inserted a begin-math/end-math symbol since I think
you left one out. Proceed, with fingers crossed.

! Missing { inserted.
<to be read again> 
                   _
l.3 ...}Top cells (N=10) by BIC: SR_none__LR_both}
                                                  
A left brace was mandatory here, so I've put one in.
You might want to delete and/or insert some corrections
so that I will find a matching right brace soon.
(If you're confused by all this, try typing `I}' now.)

! Missing $ inserted.
<inserted text> 
                $
l.3 ...}Top cells (N=10) by BIC: SR_none__LR_both}
                                                  
I've inserted a begin-math/end-math symbol since I think
you left one out. Proceed, with fingers crossed.

! Missing } inserted.
<inserted text> 
                }
l.3 ...}Top cells (N=10) by BIC: SR_none__LR_both}
                                                  
I've inserted something that you may have forgotten.
(See the <inserted text> above.)
With luck, this will get me unwedged. But if you
really didn't forget anything, try typing `2' now; then
my insertion and my current dilemma will both disappear.

! Missing $ inserted.
<inserted text> 
                $
l.3 ...}Top cells (N=10) by BIC: SR_none__LR_both}
                                                  
I've inserted a begin-math/end-math symbol since I think
you left one out. Proceed, with fingers crossed.

! Missing { inserted.
<to be read again> 
                   _
l.3 ...}Top cells (N=10) by BIC: SR_none__LR_both}
                                                  
A left brace was mandatory here, so I've put one in.
You might want to delete and/or insert some corrections
so that I will find a matching right brace soon.
(If you're confused by all this, try typing `I}' now.)

! Missing $ inserted.
<inserted text> 
                $
l.3 ...}Top cells (N=10) by BIC: SR_none__LR_both}
                                                  
I've inserted a begin-math/end-math symbol since I think
you left one out. Proceed, with fingers crossed.

! Missing } inserted.
<inserted text> 
                }
l.3 ...}Top cells (N=10) by BIC: SR_none__LR_both}
                                                  
I've inserted something that you may have forgotten.
(See the <inserted text> above.)
With luck, this will get me unwedged. But if you
really didn't forget anything, try typing `2' now; then
my insertion and my current dilemma will both disappear.

) (../SR_none__LR_both/tex/TAB_eta_best_cells.tex
! Missing $ inserted.
<inserted text> 
                $
l.3 ...vity (best cell per eta): SR_none__LR_both}
                                                  
I've inserted a begin-math/end-math symbol since I think
you left one out. Proceed, with fingers crossed.

! Missing { inserted.
<to be read again> 
                   _
l.3 ...vity (best cell per eta): SR_none__LR_both}
                                                  
A left brace was mandatory here, so I've put one in.
You might want to delete and/or insert some corrections
so that I will find a matching right brace soon.
(If you're confused by all this, try typing `I}' now.)

! Missing $ inserted.
<inserted text> 
                $
l.3 ...vity (best cell per eta): SR_none__LR_both}
                                                  
I've inserted a begin-math/end-math symbol since I think
you left one out. Proceed, with fingers crossed.

! Missing } inserted.
<inserted text> 
                }
l.3 ...vity (best cell per eta): SR_none__LR_both}
                                                  
I've inserted something that you may have forgotten.
(See the <inserted text> above.)
With luck, this will get me unwedged. But if you
really didn't forget anything, try typing `2' now; then
my insertion and my current dilemma will both disappear.

! Missing $ inserted.
<inserted text> 
                $
l.3 ...vity (best cell per eta): SR_none__LR_both}
                                                  
I've inserted a begin-math/end-math symbol since I think
you left one out. Proceed, with fingers crossed.

! Missing { inserted.
<to be read again> 
                   _
l.3 ...vity (best cell per eta): SR_none__LR_both}
                                                  
A left brace was mandatory here, so I've put one in.
You might want to delete and/or insert some corrections
so that I will find a matching right brace soon.
(If you're confused by all this, try typing `I}' now.)

! Missing $ inserted.
<inserted text> 
                $
l.3 ...vity (best cell per eta): SR_none__LR_both}
                                                  
I've inserted a begin-math/end-math symbol since I think
you left one out. Proceed, with fingers crossed.

! Missing } inserted.
<inserted text> 
                }
l.3 ...vity (best cell per eta): SR_none__LR_both}
                                                  
I've inserted something that you may have forgotten.
(See the <inserted text> above.)
With luck, this will get me unwedged. But if you
really didn't forget anything, try typing `2' now; then
my insertion and my current dilemma will both disappear.

)
<../SR_none__LR_both/figs/FIG_dBIC_surface.png, id=200, 722.7pt x 433.62pt>
File: ../SR_none__LR_both/figs/FIG_dBIC_surface.png Graphic file (type png)
<use ../SR_none__LR_both/figs/FIG_dBIC_surface.png>
Package pdftex.def Info: ../SR_none__LR_both/figs/FIG_dBIC_surface.png  used on
 input line 104.
(pdftex.def)             Requested size: 446.26582pt x 267.76312pt.
<../SR_none__LR_both/figs/FIG_ll_frontier.png, id=201, 722.7pt x 433.62pt>
File: ../SR_none__LR_both/figs/FIG_ll_frontier.png Graphic file (type png)
<use ../SR_none__LR_both/figs/FIG_ll_frontier.png>
Package pdftex.def Info: ../SR_none__LR_both/figs/FIG_ll_frontier.png  used on 
input line 109.
(pdftex.def)             Requested size: 446.26582pt x 267.76312pt.
<../SR_none__LR_both/figs/FIG_theta_surface.png, id=202, 722.7pt x 433.62pt>
File: ../SR_none__LR_both/figs/FIG_theta_surface.png Graphic file (type png)
<use ../SR_none__LR_both/figs/FIG_theta_surface.png>
Package pdftex.def Info: ../SR_none__LR_both/figs/FIG_theta_surface.png  used o
n input line 114.
(pdftex.def)             Requested size: 446.26582pt x 267.76312pt.
<../SR_none__LR_both/figs/FIG_stability_margin_surface.png, id=203, 722.7pt x 4
33.62pt>
File: ../SR_none__LR_both/figs/FIG_stability_margin_surface.png Graphic file (t
ype png)
<use ../SR_none__LR_both/figs/FIG_stability_margin_surface.png>
Package pdftex.def Info: ../SR_none__LR_both/figs/FIG_stability_margin_surface.
png  used on input line 119.
(pdftex.def)             Requested size: 446.26582pt x 267.76312pt.
<../SR_none__LR_both/figs/FIG_embedding_pca.png, id=204, 722.7pt x 433.62pt>
File: ../SR_none__LR_both/figs/FIG_embedding_pca.png Graphic file (type png)
<use ../SR_none__LR_both/figs/FIG_embedding_pca.png>
Package pdftex.def Info: ../SR_none__LR_both/figs/FIG_embedding_pca.png  used o
n input line 124.
(pdftex.def)             Requested size: 446.26582pt x 267.76312pt.
<../SR_none__LR_both/figs/FIG_ect_overlay_representatives.png, id=205, 794.97pt
 x 433.62pt>
File: ../SR_none__LR_both/figs/FIG_ect_overlay_representatives.png Graphic file
 (type png)
<use ../SR_none__LR_both/figs/FIG_ect_overlay_representatives.png>
Package pdftex.def Info: ../SR_none__LR_both/figs/FIG_ect_overlay_representativ
es.png  used on input line 129.
(pdftex.def)             Requested size: 446.26582pt x 243.42102pt.
 [10

] [11 <../SR_none__LR_both/figs/FIG_dBIC_surface.png (PNG copy)> <../SR_none__L
R_both/figs/FIG_ll_frontier.png (PNG copy)>] [12 <../SR_none__LR_both/figs/FIG_
theta_surface.png (PNG copy)> <../SR_none__LR_both/figs/FIG_stability_margin_su
rface.png (PNG copy)>] [13 <../SR_none__LR_both/figs/FIG_embedding_pca.png> <..
/SR_none__LR_both/figs/FIG_ect_overlay_representatives.png>]
(../SR_none__LR_const/tex/TAB_branch_summary.tex
! Missing $ inserted.
<inserted text> 
                $
l.3 ...LR_const}Branch summary: SR_none__LR_const}
                                                  
I've inserted a begin-math/end-math symbol since I think
you left one out. Proceed, with fingers crossed.

! Missing { inserted.
<to be read again> 
                   _
l.3 ...LR_const}Branch summary: SR_none__LR_const}
                                                  
A left brace was mandatory here, so I've put one in.
You might want to delete and/or insert some corrections
so that I will find a matching right brace soon.
(If you're confused by all this, try typing `I}' now.)

! Missing $ inserted.
<inserted text> 
                $
l.3 ...LR_const}Branch summary: SR_none__LR_const}
                                                  
I've inserted a begin-math/end-math symbol since I think
you left one out. Proceed, with fingers crossed.

! Missing } inserted.
<inserted text> 
                }
l.3 ...LR_const}Branch summary: SR_none__LR_const}
                                                  
I've inserted something that you may have forgotten.
(See the <inserted text> above.)
With luck, this will get me unwedged. But if you
really didn't forget anything, try typing `2' now; then
my insertion and my current dilemma will both disappear.

! Missing $ inserted.
<inserted text> 
                $
l.3 ...LR_const}Branch summary: SR_none__LR_const}
                                                  
I've inserted a begin-math/end-math symbol since I think
you left one out. Proceed, with fingers crossed.

! Missing { inserted.
<to be read again> 
                   _
l.3 ...LR_const}Branch summary: SR_none__LR_const}
                                                  
A left brace was mandatory here, so I've put one in.
You might want to delete and/or insert some corrections
so that I will find a matching right brace soon.
(If you're confused by all this, try typing `I}' now.)

! Missing $ inserted.
<inserted text> 
                $
l.3 ...LR_const}Branch summary: SR_none__LR_const}
                                                  
I've inserted a begin-math/end-math symbol since I think
you left one out. Proceed, with fingers crossed.

! Missing } inserted.
<inserted text> 
                }
l.3 ...LR_const}Branch summary: SR_none__LR_const}
                                                  
I've inserted something that you may have forgotten.
(See the <inserted text> above.)
With luck, this will get me unwedged. But if you
really didn't forget anything, try typing `2' now; then
my insertion and my current dilemma will both disappear.

) (../SR_none__LR_const/tex/TAB_top_cells_N10.tex
! Missing $ inserted.
<inserted text> 
                $
l.3 ...Top cells (N=10) by BIC: SR_none__LR_const}
                                                  
I've inserted a begin-math/end-math symbol since I think
you left one out. Proceed, with fingers crossed.

! Missing { inserted.
<to be read again> 
                   _
l.3 ...Top cells (N=10) by BIC: SR_none__LR_const}
                                                  
A left brace was mandatory here, so I've put one in.
You might want to delete and/or insert some corrections
so that I will find a matching right brace soon.
(If you're confused by all this, try typing `I}' now.)

! Missing $ inserted.
<inserted text> 
                $
l.3 ...Top cells (N=10) by BIC: SR_none__LR_const}
                                                  
I've inserted a begin-math/end-math symbol since I think
you left one out. Proceed, with fingers crossed.

! Missing } inserted.
<inserted text> 
                }
l.3 ...Top cells (N=10) by BIC: SR_none__LR_const}
                                                  
I've inserted something that you may have forgotten.
(See the <inserted text> above.)
With luck, this will get me unwedged. But if you
really didn't forget anything, try typing `2' now; then
my insertion and my current dilemma will both disappear.

! Missing $ inserted.
<inserted text> 
                $
l.3 ...Top cells (N=10) by BIC: SR_none__LR_const}
                                                  
I've inserted a begin-math/end-math symbol since I think
you left one out. Proceed, with fingers crossed.

! Missing { inserted.
<to be read again> 
                   _
l.3 ...Top cells (N=10) by BIC: SR_none__LR_const}
                                                  
A left brace was mandatory here, so I've put one in.
You might want to delete and/or insert some corrections
so that I will find a matching right brace soon.
(If you're confused by all this, try typing `I}' now.)

! Missing $ inserted.
<inserted text> 
                $
l.3 ...Top cells (N=10) by BIC: SR_none__LR_const}
                                                  
I've inserted a begin-math/end-math symbol since I think
you left one out. Proceed, with fingers crossed.

! Missing } inserted.
<inserted text> 
                }
l.3 ...Top cells (N=10) by BIC: SR_none__LR_const}
                                                  
I've inserted something that you may have forgotten.
(See the <inserted text> above.)
With luck, this will get me unwedged. But if you
really didn't forget anything, try typing `2' now; then
my insertion and my current dilemma will both disappear.

) (../SR_none__LR_const/tex/TAB_eta_best_cells.tex
! Missing $ inserted.
<inserted text> 
                $
l.3 ...ity (best cell per eta): SR_none__LR_const}
                                                  
I've inserted a begin-math/end-math symbol since I think
you left one out. Proceed, with fingers crossed.

! Missing { inserted.
<to be read again> 
                   _
l.3 ...ity (best cell per eta): SR_none__LR_const}
                                                  
A left brace was mandatory here, so I've put one in.
You might want to delete and/or insert some corrections
so that I will find a matching right brace soon.
(If you're confused by all this, try typing `I}' now.)

! Missing $ inserted.
<inserted text> 
                $
l.3 ...ity (best cell per eta): SR_none__LR_const}
                                                  
I've inserted a begin-math/end-math symbol since I think
you left one out. Proceed, with fingers crossed.

! Missing } inserted.
<inserted text> 
                }
l.3 ...ity (best cell per eta): SR_none__LR_const}
                                                  
I've inserted something that you may have forgotten.
(See the <inserted text> above.)
With luck, this will get me unwedged. But if you
really didn't forget anything, try typing `2' now; then
my insertion and my current dilemma will both disappear.

! Missing $ inserted.
<inserted text> 
                $
l.3 ...ity (best cell per eta): SR_none__LR_const}
                                                  
I've inserted a begin-math/end-math symbol since I think
you left one out. Proceed, with fingers crossed.

! Missing { inserted.
<to be read again> 
                   _
l.3 ...ity (best cell per eta): SR_none__LR_const}
                                                  
A left brace was mandatory here, so I've put one in.
You might want to delete and/or insert some corrections
so that I will find a matching right brace soon.
(If you're confused by all this, try typing `I}' now.)

! Missing $ inserted.
<inserted text> 
                $
l.3 ...ity (best cell per eta): SR_none__LR_const}
                                                  
I've inserted a begin-math/end-math symbol since I think
you left one out. Proceed, with fingers crossed.

! Missing } inserted.
<inserted text> 
                }
l.3 ...ity (best cell per eta): SR_none__LR_const}
                                                  
I've inserted something that you may have forgotten.
(See the <inserted text> above.)
With luck, this will get me unwedged. But if you
really didn't forget anything, try typing `2' now; then
my insertion and my current dilemma will both disappear.

)
<../SR_none__LR_const/figs/FIG_dBIC_surface.png, id=240, 722.7pt x 433.62pt>
File: ../SR_none__LR_const/figs/FIG_dBIC_surface.png Graphic file (type png)
<use ../SR_none__LR_const/figs/FIG_dBIC_surface.png>
Package pdftex.def Info: ../SR_none__LR_const/figs/FIG_dBIC_surface.png  used o
n input line 142.
(pdftex.def)             Requested size: 446.26582pt x 267.76312pt.
<../SR_none__LR_const/figs/FIG_ll_frontier.png, id=241, 722.7pt x 433.62pt>
File: ../SR_none__LR_const/figs/FIG_ll_frontier.png Graphic file (type png)
<use ../SR_none__LR_const/figs/FIG_ll_frontier.png>
Package pdftex.def Info: ../SR_none__LR_const/figs/FIG_ll_frontier.png  used on
 input line 147.
(pdftex.def)             Requested size: 446.26582pt x 267.76312pt.
<../SR_none__LR_const/figs/FIG_theta_surface.png, id=242, 722.7pt x 433.62pt>
File: ../SR_none__LR_const/figs/FIG_theta_surface.png Graphic file (type png)
<use ../SR_none__LR_const/figs/FIG_theta_surface.png>
Package pdftex.def Info: ../SR_none__LR_const/figs/FIG_theta_surface.png  used 
on input line 152.
(pdftex.def)             Requested size: 446.26582pt x 267.76312pt.
<../SR_none__LR_const/figs/FIG_stability_margin_surface.png, id=243, 722.7pt x 
433.62pt>
File: ../SR_none__LR_const/figs/FIG_stability_margin_surface.png Graphic file (
type png)
<use ../SR_none__LR_const/figs/FIG_stability_margin_surface.png>
Package pdftex.def Info: ../SR_none__LR_const/figs/FIG_stability_margin_surface
.png  used on input line 157.
(pdftex.def)             Requested size: 446.26582pt x 267.76312pt.
<../SR_none__LR_const/figs/FIG_embedding_pca.png, id=244, 722.7pt x 433.62pt>
File: ../SR_none__LR_const/figs/FIG_embedding_pca.png Graphic file (type png)
<use ../SR_none__LR_const/figs/FIG_embedding_pca.png>
Package pdftex.def Info: ../SR_none__LR_const/figs/FIG_embedding_pca.png  used 
on input line 162.
(pdftex.def)             Requested size: 446.26582pt x 267.76312pt.
<../SR_none__LR_const/figs/FIG_ect_overlay_representatives.png, id=245, 794.97p
t x 433.62pt>
File: ../SR_none__LR_const/figs/FIG_ect_overlay_representatives.png Graphic fil
e (type png)
<use ../SR_none__LR_const/figs/FIG_ect_overlay_representatives.png>
Package pdftex.def Info: ../SR_none__LR_const/figs/FIG_ect_overlay_representati
ves.png  used on input line 167.
(pdftex.def)             Requested size: 446.26582pt x 243.42102pt.
 [14

] [15 <../SR_none__LR_const/figs/FIG_dBIC_surface.png (PNG copy)> <../SR_none__
LR_const/figs/FIG_ll_frontier.png (PNG copy)>] [16 <../SR_none__LR_const/figs/F
IG_theta_surface.png (PNG copy)> <../SR_none__LR_const/figs/FIG_stability_margi
n_surface.png (PNG copy)>] [17 <../SR_none__LR_const/figs/FIG_embedding_pca.png
> <../SR_none__LR_const/figs/FIG_ect_overlay_representatives.png>]
(../SR_none__LR_none/tex/TAB_branch_summary.tex
! Missing $ inserted.
<inserted text> 
                $
l.3 ...__LR_none}Branch summary: SR_none__LR_none}
                                                  
I've inserted a begin-math/end-math symbol since I think
you left one out. Proceed, with fingers crossed.

! Missing { inserted.
<to be read again> 
                   _
l.3 ...__LR_none}Branch summary: SR_none__LR_none}
                                                  
A left brace was mandatory here, so I've put one in.
You might want to delete and/or insert some corrections
so that I will find a matching right brace soon.
(If you're confused by all this, try typing `I}' now.)

! Missing $ inserted.
<inserted text> 
                $
l.3 ...__LR_none}Branch summary: SR_none__LR_none}
                                                  
I've inserted a begin-math/end-math symbol since I think
you left one out. Proceed, with fingers crossed.

! Missing } inserted.
<inserted text> 
                }
l.3 ...__LR_none}Branch summary: SR_none__LR_none}
                                                  
I've inserted something that you may have forgotten.
(See the <inserted text> above.)
With luck, this will get me unwedged. But if you
really didn't forget anything, try typing `2' now; then
my insertion and my current dilemma will both disappear.

! Missing $ inserted.
<inserted text> 
                $
l.3 ...__LR_none}Branch summary: SR_none__LR_none}
                                                  
I've inserted a begin-math/end-math symbol since I think
you left one out. Proceed, with fingers crossed.

! Missing { inserted.
<to be read again> 
                   _
l.3 ...__LR_none}Branch summary: SR_none__LR_none}
                                                  
A left brace was mandatory here, so I've put one in.
You might want to delete and/or insert some corrections
so that I will find a matching right brace soon.
(If you're confused by all this, try typing `I}' now.)

! Missing $ inserted.
<inserted text> 
                $
l.3 ...__LR_none}Branch summary: SR_none__LR_none}
                                                  
I've inserted a begin-math/end-math symbol since I think
you left one out. Proceed, with fingers crossed.

! Missing } inserted.
<inserted text> 
                }
l.3 ...__LR_none}Branch summary: SR_none__LR_none}
                                                  
I've inserted something that you may have forgotten.
(See the <inserted text> above.)
With luck, this will get me unwedged. But if you
really didn't forget anything, try typing `2' now; then
my insertion and my current dilemma will both disappear.

) (../SR_none__LR_none/tex/TAB_top_cells_N10.tex
! Missing $ inserted.
<inserted text> 
                $
l.3 ...}Top cells (N=10) by BIC: SR_none__LR_none}
                                                  
I've inserted a begin-math/end-math symbol since I think
you left one out. Proceed, with fingers crossed.

! Missing { inserted.
<to be read again> 
                   _
l.3 ...}Top cells (N=10) by BIC: SR_none__LR_none}
                                                  
A left brace was mandatory here, so I've put one in.
You might want to delete and/or insert some corrections
so that I will find a matching right brace soon.
(If you're confused by all this, try typing `I}' now.)

! Missing $ inserted.
<inserted text> 
                $
l.3 ...}Top cells (N=10) by BIC: SR_none__LR_none}
                                                  
I've inserted a begin-math/end-math symbol since I think
you left one out. Proceed, with fingers crossed.

! Missing } inserted.
<inserted text> 
                }
l.3 ...}Top cells (N=10) by BIC: SR_none__LR_none}
                                                  
I've inserted something that you may have forgotten.
(See the <inserted text> above.)
With luck, this will get me unwedged. But if you
really didn't forget anything, try typing `2' now; then
my insertion and my current dilemma will both disappear.

! Missing $ inserted.
<inserted text> 
                $
l.3 ...}Top cells (N=10) by BIC: SR_none__LR_none}
                                                  
I've inserted a begin-math/end-math symbol since I think
you left one out. Proceed, with fingers crossed.

! Missing { inserted.
<to be read again> 
                   _
l.3 ...}Top cells (N=10) by BIC: SR_none__LR_none}
                                                  
A left brace was mandatory here, so I've put one in.
You might want to delete and/or insert some corrections
so that I will find a matching right brace soon.
(If you're confused by all this, try typing `I}' now.)

! Missing $ inserted.
<inserted text> 
                $
l.3 ...}Top cells (N=10) by BIC: SR_none__LR_none}
                                                  
I've inserted a begin-math/end-math symbol since I think
you left one out. Proceed, with fingers crossed.

! Missing } inserted.
<inserted text> 
                }
l.3 ...}Top cells (N=10) by BIC: SR_none__LR_none}
                                                  
I've inserted something that you may have forgotten.
(See the <inserted text> above.)
With luck, this will get me unwedged. But if you
really didn't forget anything, try typing `2' now; then
my insertion and my current dilemma will both disappear.

) (../SR_none__LR_none/tex/TAB_eta_best_cells.tex
! Missing $ inserted.
<inserted text> 
                $
l.3 ...vity (best cell per eta): SR_none__LR_none}
                                                  
I've inserted a begin-math/end-math symbol since I think
you left one out. Proceed, with fingers crossed.

! Missing { inserted.
<to be read again> 
                   _
l.3 ...vity (best cell per eta): SR_none__LR_none}
                                                  
A left brace was mandatory here, so I've put one in.
You might want to delete and/or insert some corrections
so that I will find a matching right brace soon.
(If you're confused by all this, try typing `I}' now.)

! Missing $ inserted.
<inserted text> 
                $
l.3 ...vity (best cell per eta): SR_none__LR_none}
                                                  
I've inserted a begin-math/end-math symbol since I think
you left one out. Proceed, with fingers crossed.

! Missing } inserted.
<inserted text> 
                }
l.3 ...vity (best cell per eta): SR_none__LR_none}
                                                  
I've inserted something that you may have forgotten.
(See the <inserted text> above.)
With luck, this will get me unwedged. But if you
really didn't forget anything, try typing `2' now; then
my insertion and my current dilemma will both disappear.

! Missing $ inserted.
<inserted text> 
                $
l.3 ...vity (best cell per eta): SR_none__LR_none}
                                                  
I've inserted a begin-math/end-math symbol since I think
you left one out. Proceed, with fingers crossed.

! Missing { inserted.
<to be read again> 
                   _
l.3 ...vity (best cell per eta): SR_none__LR_none}
                                                  
A left brace was mandatory here, so I've put one in.
You might want to delete and/or insert some corrections
so that I will find a matching right brace soon.
(If you're confused by all this, try typing `I}' now.)

! Missing $ inserted.
<inserted text> 
                $
l.3 ...vity (best cell per eta): SR_none__LR_none}
                                                  
I've inserted a begin-math/end-math symbol since I think
you left one out. Proceed, with fingers crossed.

! Missing } inserted.
<inserted text> 
                }
l.3 ...vity (best cell per eta): SR_none__LR_none}
                                                  
I've inserted something that you may have forgotten.
(See the <inserted text> above.)
With luck, this will get me unwedged. But if you
really didn't forget anything, try typing `2' now; then
my insertion and my current dilemma will both disappear.

)
<../SR_none__LR_none/figs/FIG_dBIC_surface.png, id=279, 722.7pt x 433.62pt>
File: ../SR_none__LR_none/figs/FIG_dBIC_surface.png Graphic file (type png)
<use ../SR_none__LR_none/figs/FIG_dBIC_surface.png>
Package pdftex.def Info: ../SR_none__LR_none/figs/FIG_dBIC_surface.png  used on
 input line 180.
(pdftex.def)             Requested size: 446.26582pt x 267.76312pt.
<../SR_none__LR_none/figs/FIG_ll_frontier.png, id=280, 722.7pt x 433.62pt>
File: ../SR_none__LR_none/figs/FIG_ll_frontier.png Graphic file (type png)
<use ../SR_none__LR_none/figs/FIG_ll_frontier.png>
Package pdftex.def Info: ../SR_none__LR_none/figs/FIG_ll_frontier.png  used on 
input line 185.
(pdftex.def)             Requested size: 446.26582pt x 267.76312pt.
<../SR_none__LR_none/figs/FIG_theta_surface.png, id=281, 722.7pt x 433.62pt>
File: ../SR_none__LR_none/figs/FIG_theta_surface.png Graphic file (type png)
<use ../SR_none__LR_none/figs/FIG_theta_surface.png>
Package pdftex.def Info: ../SR_none__LR_none/figs/FIG_theta_surface.png  used o
n input line 190.
(pdftex.def)             Requested size: 446.26582pt x 267.76312pt.
<../SR_none__LR_none/figs/FIG_stability_margin_surface.png, id=282, 722.7pt x 4
33.62pt>
File: ../SR_none__LR_none/figs/FIG_stability_margin_surface.png Graphic file (t
ype png)
<use ../SR_none__LR_none/figs/FIG_stability_margin_surface.png>
Package pdftex.def Info: ../SR_none__LR_none/figs/FIG_stability_margin_surface.
png  used on input line 195.
(pdftex.def)             Requested size: 446.26582pt x 267.76312pt.
<../SR_none__LR_none/figs/FIG_embedding_pca.png, id=283, 722.7pt x 433.62pt>
File: ../SR_none__LR_none/figs/FIG_embedding_pca.png Graphic file (type png)
<use ../SR_none__LR_none/figs/FIG_embedding_pca.png>
Package pdftex.def Info: ../SR_none__LR_none/figs/FIG_embedding_pca.png  used o
n input line 200.
(pdftex.def)             Requested size: 446.26582pt x 267.76312pt.
<../SR_none__LR_none/figs/FIG_ect_overlay_representatives.png, id=284, 794.97pt
 x 433.62pt>
File: ../SR_none__LR_none/figs/FIG_ect_overlay_representatives.png Graphic file
 (type png)
<use ../SR_none__LR_none/figs/FIG_ect_overlay_representatives.png>
Package pdftex.def Info: ../SR_none__LR_none/figs/FIG_ect_overlay_representativ
es.png  used on input line 205.
(pdftex.def)             Requested size: 446.26582pt x 243.42102pt.
 [18

] [19 <../SR_none__LR_none/figs/FIG_dBIC_surface.png (PNG copy)> <../SR_none__L
R_none/figs/FIG_ll_frontier.png (PNG copy)>] [20 <../SR_none__LR_none/figs/FIG_
theta_surface.png (PNG copy)> <../SR_none__LR_none/figs/FIG_stability_margin_su
rface.png (PNG copy)>] [21 <../SR_none__LR_none/figs/FIG_embedding_pca.png> <..
/SR_none__LR_none/figs/FIG_ect_overlay_representatives.png>]
(../SR_none__LR_trend/tex/TAB_branch_summary.tex
! Missing $ inserted.
<inserted text> 
                $
l.3 ...LR_trend}Branch summary: SR_none__LR_trend}
                                                  
I've inserted a begin-math/end-math symbol since I think
you left one out. Proceed, with fingers crossed.

! Missing { inserted.
<to be read again> 
                   _
l.3 ...LR_trend}Branch summary: SR_none__LR_trend}
                                                  
A left brace was mandatory here, so I've put one in.
You might want to delete and/or insert some corrections
so that I will find a matching right brace soon.
(If you're confused by all this, try typing `I}' now.)

! Missing $ inserted.
<inserted text> 
                $
l.3 ...LR_trend}Branch summary: SR_none__LR_trend}
                                                  
I've inserted a begin-math/end-math symbol since I think
you left one out. Proceed, with fingers crossed.

! Missing } inserted.
<inserted text> 
                }
l.3 ...LR_trend}Branch summary: SR_none__LR_trend}
                                                  
I've inserted something that you may have forgotten.
(See the <inserted text> above.)
With luck, this will get me unwedged. But if you
really didn't forget anything, try typing `2' now; then
my insertion and my current dilemma will both disappear.

! Missing $ inserted.
<inserted text> 
                $
l.3 ...LR_trend}Branch summary: SR_none__LR_trend}
                                                  
I've inserted a begin-math/end-math symbol since I think
you left one out. Proceed, with fingers crossed.

! Missing { inserted.
<to be read again> 
                   _
l.3 ...LR_trend}Branch summary: SR_none__LR_trend}
                                                  
A left brace was mandatory here, so I've put one in.
You might want to delete and/or insert some corrections
so that I will find a matching right brace soon.
(If you're confused by all this, try typing `I}' now.)

! Missing $ inserted.
<inserted text> 
                $
l.3 ...LR_trend}Branch summary: SR_none__LR_trend}
                                                  
I've inserted a begin-math/end-math symbol since I think
you left one out. Proceed, with fingers crossed.

! Missing } inserted.
<inserted text> 
                }
l.3 ...LR_trend}Branch summary: SR_none__LR_trend}
                                                  
I've inserted something that you may have forgotten.
(See the <inserted text> above.)
With luck, this will get me unwedged. But if you
really didn't forget anything, try typing `2' now; then
my insertion and my current dilemma will both disappear.

) (../SR_none__LR_trend/tex/TAB_top_cells_N10.tex
! Missing $ inserted.
<inserted text> 
                $
l.3 ...Top cells (N=10) by BIC: SR_none__LR_trend}
                                                  
I've inserted a begin-math/end-math symbol since I think
you left one out. Proceed, with fingers crossed.

! Missing { inserted.
<to be read again> 
                   _
l.3 ...Top cells (N=10) by BIC: SR_none__LR_trend}
                                                  
A left brace was mandatory here, so I've put one in.
You might want to delete and/or insert some corrections
so that I will find a matching right brace soon.
(If you're confused by all this, try typing `I}' now.)

! Missing $ inserted.
<inserted text> 
                $
l.3 ...Top cells (N=10) by BIC: SR_none__LR_trend}
                                                  
I've inserted a begin-math/end-math symbol since I think
you left one out. Proceed, with fingers crossed.

! Missing } inserted.
<inserted text> 
                }
l.3 ...Top cells (N=10) by BIC: SR_none__LR_trend}
                                                  
I've inserted something that you may have forgotten.
(See the <inserted text> above.)
With luck, this will get me unwedged. But if you
really didn't forget anything, try typing `2' now; then
my insertion and my current dilemma will both disappear.

! Missing $ inserted.
<inserted text> 
                $
l.3 ...Top cells (N=10) by BIC: SR_none__LR_trend}
                                                  
I've inserted a begin-math/end-math symbol since I think
you left one out. Proceed, with fingers crossed.

! Missing { inserted.
<to be read again> 
                   _
l.3 ...Top cells (N=10) by BIC: SR_none__LR_trend}
                                                  
A left brace was mandatory here, so I've put one in.
You might want to delete and/or insert some corrections
so that I will find a matching right brace soon.
(If you're confused by all this, try typing `I}' now.)

! Missing $ inserted.
<inserted text> 
                $
l.3 ...Top cells (N=10) by BIC: SR_none__LR_trend}
                                                  
I've inserted a begin-math/end-math symbol since I think
you left one out. Proceed, with fingers crossed.

! Missing } inserted.
<inserted text> 
                }
l.3 ...Top cells (N=10) by BIC: SR_none__LR_trend}
                                                  
I've inserted something that you may have forgotten.
(See the <inserted text> above.)
With luck, this will get me unwedged. But if you
really didn't forget anything, try typing `2' now; then
my insertion and my current dilemma will both disappear.

) (../SR_none__LR_trend/tex/TAB_eta_best_cells.tex
! Missing $ inserted.
<inserted text> 
                $
l.3 ...ity (best cell per eta): SR_none__LR_trend}
                                                  
I've inserted a begin-math/end-math symbol since I think
you left one out. Proceed, with fingers crossed.

! Missing { inserted.
<to be read again> 
                   _
l.3 ...ity (best cell per eta): SR_none__LR_trend}
                                                  
A left brace was mandatory here, so I've put one in.
You might want to delete and/or insert some corrections
so that I will find a matching right brace soon.
(If you're confused by all this, try typing `I}' now.)

! Missing $ inserted.
<inserted text> 
                $
l.3 ...ity (best cell per eta): SR_none__LR_trend}
                                                  
I've inserted a begin-math/end-math symbol since I think
you left one out. Proceed, with fingers crossed.

! Missing } inserted.
<inserted text> 
                }
l.3 ...ity (best cell per eta): SR_none__LR_trend}
                                                  
I've inserted something that you may have forgotten.
(See the <inserted text> above.)
With luck, this will get me unwedged. But if you
really didn't forget anything, try typing `2' now; then
my insertion and my current dilemma will both disappear.

! Missing $ inserted.
<inserted text> 
                $
l.3 ...ity (best cell per eta): SR_none__LR_trend}
                                                  
I've inserted a begin-math/end-math symbol since I think
you left one out. Proceed, with fingers crossed.

! Missing { inserted.
<to be read again> 
                   _
l.3 ...ity (best cell per eta): SR_none__LR_trend}
                                                  
A left brace was mandatory here, so I've put one in.
You might want to delete and/or insert some corrections
so that I will find a matching right brace soon.
(If you're confused by all this, try typing `I}' now.)

! Missing $ inserted.
<inserted text> 
                $
l.3 ...ity (best cell per eta): SR_none__LR_trend}
                                                  
I've inserted a begin-math/end-math symbol since I think
you left one out. Proceed, with fingers crossed.

! Missing } inserted.
<inserted text> 
                }
l.3 ...ity (best cell per eta): SR_none__LR_trend}
                                                  
I've inserted something that you may have forgotten.
(See the <inserted text> above.)
With luck, this will get me unwedged. But if you
really didn't forget anything, try typing `2' now; then
my insertion and my current dilemma will both disappear.

)
<../SR_none__LR_trend/figs/FIG_dBIC_surface.png, id=319, 722.7pt x 433.62pt>
File: ../SR_none__LR_trend/figs/FIG_dBIC_surface.png Graphic file (type png)
<use ../SR_none__LR_trend/figs/FIG_dBIC_surface.png>
Package pdftex.def Info: ../SR_none__LR_trend/figs/FIG_dBIC_surface.png  used o
n input line 218.
(pdftex.def)             Requested size: 446.26582pt x 267.76312pt.
<../SR_none__LR_trend/figs/FIG_ll_frontier.png, id=320, 722.7pt x 433.62pt>
File: ../SR_none__LR_trend/figs/FIG_ll_frontier.png Graphic file (type png)
<use ../SR_none__LR_trend/figs/FIG_ll_frontier.png>
Package pdftex.def Info: ../SR_none__LR_trend/figs/FIG_ll_frontier.png  used on
 input line 223.
(pdftex.def)             Requested size: 446.26582pt x 267.76312pt.
<../SR_none__LR_trend/figs/FIG_theta_surface.png, id=321, 722.7pt x 433.62pt>
File: ../SR_none__LR_trend/figs/FIG_theta_surface.png Graphic file (type png)
<use ../SR_none__LR_trend/figs/FIG_theta_surface.png>
Package pdftex.def Info: ../SR_none__LR_trend/figs/FIG_theta_surface.png  used 
on input line 228.
(pdftex.def)             Requested size: 446.26582pt x 267.76312pt.
<../SR_none__LR_trend/figs/FIG_stability_margin_surface.png, id=322, 722.7pt x 
433.62pt>
File: ../SR_none__LR_trend/figs/FIG_stability_margin_surface.png Graphic file (
type png)
<use ../SR_none__LR_trend/figs/FIG_stability_margin_surface.png>
Package pdftex.def Info: ../SR_none__LR_trend/figs/FIG_stability_margin_surface
.png  used on input line 233.
(pdftex.def)             Requested size: 446.26582pt x 267.76312pt.
<../SR_none__LR_trend/figs/FIG_embedding_pca.png, id=323, 722.7pt x 433.62pt>
File: ../SR_none__LR_trend/figs/FIG_embedding_pca.png Graphic file (type png)
<use ../SR_none__LR_trend/figs/FIG_embedding_pca.png>
Package pdftex.def Info: ../SR_none__LR_trend/figs/FIG_embedding_pca.png  used 
on input line 238.
(pdftex.def)             Requested size: 446.26582pt x 267.76312pt.
<../SR_none__LR_trend/figs/FIG_ect_overlay_representatives.png, id=324, 794.97p
t x 433.62pt>
File: ../SR_none__LR_trend/figs/FIG_ect_overlay_representatives.png Graphic fil
e (type png)
<use ../SR_none__LR_trend/figs/FIG_ect_overlay_representatives.png>
Package pdftex.def Info: ../SR_none__LR_trend/figs/FIG_ect_overlay_representati
ves.png  used on input line 243.
(pdftex.def)             Requested size: 446.26582pt x 243.42102pt.
 [22

] [23 <../SR_none__LR_trend/figs/FIG_dBIC_surface.png (PNG copy)> <../SR_none__
LR_trend/figs/FIG_ll_frontier.png (PNG copy)>] [24 <../SR_none__LR_trend/figs/F
IG_theta_surface.png (PNG copy)> <../SR_none__LR_trend/figs/FIG_stability_margi
n_surface.png (PNG copy)>] [25 <../SR_none__LR_trend/figs/FIG_embedding_pca.png
> <../SR_none__LR_trend/figs/FIG_ect_overlay_representatives.png>]
(REPORT_VECM_S1_shaikh_window.aux)
 ***********
LaTeX2e <2025-11-01>
L3 programming layer <2025-12-29>
 ***********


LaTeX Warning: Label(s) may have changed. Rerun to get cross-references right.


Package rerunfilecheck Warning: File `REPORT_VECM_S1_shaikh_window.out' has cha
nged.
(rerunfilecheck)                Rerun to get outlines right
(rerunfilecheck)                or use package `bookmark'.

Package rerunfilecheck Info: Checksums for `REPORT_VECM_S1_shaikh_window.out':
(rerunfilecheck)             Before: 9619CDB664A1A4B9052D993B3B05DF30;4444
(rerunfilecheck)             After:  85907D3A61E72E9BA5866126B308AE9D;4624.
 ) 
Here is how much of TeX's memory you used:
 11655 strings out of 467871
 203084 string characters out of 5418860
 619154 words of memory out of 5000000
 40225 multiletter control sequences out of 15000+600000
 635491 words of font info for 68 fonts, out of 8000000 for 9000
 1141 hyphenation exceptions out of 8191
 75i,10n,79p,371b,453s stack positions out of 10000i,1000n,20000p,200000b,200000s
<C:/Users/User/AppData/Local/Programs/MiKTeX/fonts/type1/public/amsfonts/cm/c
mbx10.pfb><C:/Users/User/AppData/Local/Programs/MiKTeX/fonts/type1/public/amsfo
nts/cm/cmbx12.pfb><C:/Users/User/AppData/Local/Programs/MiKTeX/fonts/type1/publ
ic/amsfonts/cm/cmmi10.pfb><C:/Users/User/AppData/Local/Programs/MiKTeX/fonts/ty
pe1/public/amsfonts/cm/cmmi12.pfb><C:/Users/User/AppData/Local/Programs/MiKTeX/
fonts/type1/public/amsfonts/cm/cmmi6.pfb><C:/Users/User/AppData/Local/Programs/
MiKTeX/fonts/type1/public/amsfonts/cm/cmmi8.pfb><C:/Users/User/AppData/Local/Pr
ograms/MiKTeX/fonts/type1/public/amsfonts/cm/cmr10.pfb><C:/Users/User/AppData/L
ocal/Programs/MiKTeX/fonts/type1/public/amsfonts/cm/cmr17.pfb><C:/Users/User/Ap
pData/Local/Programs/MiKTeX/fonts/type1/public/amsfonts/cm/cmr9.pfb><C:/Users/U
ser/AppData/Local/Programs/MiKTeX/fonts/type1/public/amsfonts/cm/cmtt10.pfb><C:
/Users/User/AppData/Local/Programs/MiKTeX/fonts/type1/public/amsfonts/cm/cmtt12
.pfb>
Output written on REPORT_VECM_S1_shaikh_window.pdf (25 pages, 1261411 bytes).
PDF statistics:
 436 PDF objects out of 1000 (max. 8388607)
 143 named destinations out of 1000 (max. 500000)
 381 words of extra memory for PDF output out of 10000 (max. 10000000)

