\BOOKMARK [1][-]{section.1}{\376\377\000C\000r\000o\000s\000s\000-\000b\000r\000a\000n\000c\000h\000\040\000s\000c\000o\000r\000e\000b\000o\000a\000r\000d}{}% 1
\BOOKMARK [1][-]{section.2}{\376\377\000B\000r\000a\000n\000c\000h\000:\000\040\000S\000R\000_\000c\000o\000n\000s\000t\000_\000_\000L\000R\000_\000n\000o\000n\000e}{}% 2
\BOOKMARK [2][-]{subsection.2.1}{\376\377\000S\000u\000m\000m\000a\000r\000y}{section.2}% 3
\BOOKMARK [2][-]{subsection.2.2}{\376\377\000T\000o\000p\000\040\000c\000e\000l\000l\000s\000\040\000\050\000N\000=\0001\0000\000\051}{section.2}% 4
\BOOKMARK [2][-]{subsection.2.3}{\376\377\000R\000a\000n\000k\000-\000p\000e\000n\000a\000l\000t\000y\000\040\000I\000C\000\040\000f\000a\000m\000i\000l\000y\000\040\000\050\000e\000t\000a\000\051\000\040\040\024\000\040\000b\000e\000s\000t\000\040\000c\000e\000l\000l\000\040\000p\000e\000r\000\040\000e\000t\000a}{section.2}% 5
\BOOKMARK [1][-]{section.3}{\376\377\000B\000r\000a\000n\000c\000h\000:\000\040\000S\000R\000_\000c\000o\000n\000s\000t\000_\000_\000L\000R\000_\000t\000r\000e\000n\000d}{}% 6
\BOOKMARK [2][-]{subsection.3.1}{\376\377\000S\000u\000m\000m\000a\000r\000y}{section.3}% 7
\BOOKMARK [2][-]{subsection.3.2}{\376\377\000T\000o\000p\000\040\000c\000e\000l\000l\000s\000\040\000\050\000N\000=\0001\0000\000\051}{section.3}% 8
\BOOKMARK [2][-]{subsection.3.3}{\376\377\000R\000a\000n\000k\000-\000p\000e\000n\000a\000l\000t\000y\000\040\000I\000C\000\040\000f\000a\000m\000i\000l\000y\000\040\000\050\000e\000t\000a\000\051\000\040\040\024\000\040\000b\000e\000s\000t\000\040\000c\000e\000l\000l\000\040\000p\000e\000r\000\040\000e\000t\000a}{section.3}% 9
\BOOKMARK [1][-]{section.4}{\376\377\000B\000r\000a\000n\000c\000h\000:\000\040\000S\000R\000_\000n\000o\000n\000e\000_\000_\000L\000R\000_\000b\000o\000t\000h}{}% 10
\BOOKMARK [2][-]{subsection.4.1}{\376\377\000S\000u\000m\000m\000a\000r\000y}{section.4}% 11
\BOOKMARK [2][-]{subsection.4.2}{\376\377\000T\000o\000p\000\040\000c\000e\000l\000l\000s\000\040\000\050\000N\000=\0001\0000\000\051}{section.4}% 12
\BOOKMARK [2][-]{subsection.4.3}{\376\377\000R\000a\000n\000k\000-\000p\000e\000n\000a\000l\000t\000y\000\040\000I\000C\000\040\000f\000a\000m\000i\000l\000y\000\040\000\050\000e\000t\000a\000\051\000\040\040\024\000\040\000b\000e\000s\000t\000\040\000c\000e\000l\000l\000\040\000p\000e\000r\000\040\000e\000t\000a}{section.4}% 13
\BOOKMARK [1][-]{section.5}{\376\377\000B\000r\000a\000n\000c\000h\000:\000\040\000S\000R\000_\000n\000o\000n\000e\000_\000_\000L\000R\000_\000c\000o\000n\000s\000t}{}% 14
\BOOKMARK [2][-]{subsection.5.1}{\376\377\000S\000u\000m\000m\000a\000r\000y}{section.5}% 15
\BOOKMARK [2][-]{subsection.5.2}{\376\377\000T\000o\000p\000\040\000c\000e\000l\000l\000s\000\040\000\050\000N\000=\0001\0000\000\051}{section.5}% 16
\BOOKMARK [2][-]{subsection.5.3}{\376\377\000R\000a\000n\000k\000-\000p\000e\000n\000a\000l\000t\000y\000\040\000I\000C\000\040\000f\000a\000m\000i\000l\000y\000\040\000\050\000e\000t\000a\000\051\000\040\040\024\000\040\000b\000e\000s\000t\000\040\000c\000e\000l\000l\000\040\000p\000e\000r\000\040\000e\000t\000a}{section.5}% 17
\BOOKMARK [1][-]{section.6}{\376\377\000B\000r\000a\000n\000c\000h\000:\000\040\000S\000R\000_\000n\000o\000n\000e\000_\000_\000L\000R\000_\000n\000o\000n\000e}{}% 18
\BOOKMARK [2][-]{subsection.6.1}{\376\377\000S\000u\000m\000m\000a\000r\000y}{section.6}% 19
\BOOKMARK [2][-]{subsection.6.2}{\376\377\000T\000o\000p\000\040\000c\000e\000l\000l\000s\000\040\000\050\000N\000=\0001\0000\000\051}{section.6}% 20
\BOOKMARK [2][-]{subsection.6.3}{\376\377\000R\000a\000n\000k\000-\000p\000e\000n\000a\000l\000t\000y\000\040\000I\000C\000\040\000f\000a\000m\000i\000l\000y\000\040\000\050\000e\000t\000a\000\051\000\040\040\024\000\040\000b\000e\000s\000t\000\040\000c\000e\000l\000l\000\040\000p\000e\000r\000\040\000e\000t\000a}{section.6}% 21
\BOOKMARK [1][-]{section.7}{\376\377\000B\000r\000a\000n\000c\000h\000:\000\040\000S\000R\000_\000n\000o\000n\000e\000_\000_\000L\000R\000_\000t\000r\000e\000n\000d}{}% 22
\BOOKMARK [2][-]{subsection.7.1}{\376\377\000S\000u\000m\000m\000a\000r\000y}{section.7}% 23
\BOOKMARK [2][-]{subsection.7.2}{\376\377\000T\000o\000p\000\040\000c\000e\000l\000l\000s\000\040\000\050\000N\000=\0001\0000\000\051}{section.7}% 24
\BOOKMARK [2][-]{subsection.7.3}{\376\377\000R\000a\000n\000k\000-\000p\000e\000n\000a\000l\000t\000y\000\040\000I\000C\000\040\000f\000a\000m\000i\000l\000y\000\040\000\050\000e\000t\000a\000\051\000\040\040\024\000\040\000b\000e\000s\000t\000\040\000c\000e\000l\000l\000\040\000p\000e\000r\000\040\000e\000t\000a}{section.7}% 25
